{"/home/sathishkumar/Documents/Sk_Portfolio/portfolio-website/app/layout.tsx": {"path":"/home/sathishkumar/Documents/Sk_Portfolio/portfolio-website/app/layout.tsx","statementMap":{"0":{"start":{"line":71,"column":24},"end":{"line":71,"column":35}},"1":{"start":{"line":8,"column":13},"end":{"line":8,"column":34}},"2":{"start":{"line":2,"column":19},"end":{"line":2,"column":null}},"3":{"start":{"line":3,"column":7},"end":{"line":3,"column":null}},"4":{"start":{"line":4,"column":30},"end":{"line":4,"column":null}},"5":{"start":{"line":5,"column":29},"end":{"line":5,"column":null}},"6":{"start":{"line":6,"column":23},"end":{"line":6,"column":null}},"7":{"start":{"line":8,"column":34},"end":{"line":69,"column":null}},"8":{"start":{"line":76,"column":25},"end":{"line":114,"column":null}},"9":{"start":{"line":117,"column":24},"end":{"line":128,"column":null}},"10":{"start":{"line":131,"column":36},"end":{"line":150,"column":null}}},"fnMap":{"0":{"name":"RootLayout","decl":{"start":{"line":71,"column":24},"end":{"line":71,"column":35}},"loc":{"start":{"line":75,"column":1},"end":{"line":233,"column":null}}}},"branchMap":{},"s":{"0":0,"1":0,"2":0,"3":0,"4":0,"5":0,"6":0,"7":0,"8":0,"9":0,"10":0},"f":{"0":0},"b":{}}
,"/home/sathishkumar/Documents/Sk_Portfolio/portfolio-website/app/page.tsx": {"path":"/home/sathishkumar/Documents/Sk_Portfolio/portfolio-website/app/page.tsx","statementMap":{"0":{"start":{"line":28,"column":24},"end":{"line":28,"column":null}},"1":{"start":{"line":3,"column":31},"end":{"line":3,"column":null}},"2":{"start":{"line":4,"column":17},"end":{"line":4,"column":null}},"3":{"start":{"line":5,"column":23},"end":{"line":5,"column":null}},"4":{"start":{"line":6,"column":18},"end":{"line":6,"column":null}},"5":{"start":{"line":7,"column":31},"end":{"line":7,"column":null}},"6":{"start":{"line":8,"column":22},"end":{"line":8,"column":null}},"7":{"start":{"line":11,"column":14},"end":{"line":11,"column":null}},"8":{"start":{"line":11,"column":25},"end":{"line":11,"column":null}},"9":{"start":{"line":12,"column":15},"end":{"line":12,"column":null}},"10":{"start":{"line":12,"column":26},"end":{"line":12,"column":null}},"11":{"start":{"line":13,"column":17},"end":{"line":13,"column":null}},"12":{"start":{"line":13,"column":28},"end":{"line":13,"column":null}},"13":{"start":{"line":14,"column":30},"end":{"line":14,"column":null}},"14":{"start":{"line":14,"column":41},"end":{"line":14,"column":null}},"15":{"start":{"line":15,"column":17},"end":{"line":15,"column":null}},"16":{"start":{"line":15,"column":28},"end":{"line":15,"column":null}},"17":{"start":{"line":16,"column":21},"end":{"line":16,"column":null}},"18":{"start":{"line":16,"column":32},"end":{"line":16,"column":null}},"19":{"start":{"line":17,"column":13},"end":{"line":17,"column":null}},"20":{"start":{"line":17,"column":24},"end":{"line":17,"column":null}},"21":{"start":{"line":18,"column":23},"end":{"line":18,"column":null}},"22":{"start":{"line":18,"column":34},"end":{"line":18,"column":null}},"23":{"start":{"line":19,"column":16},"end":{"line":19,"column":null}},"24":{"start":{"line":19,"column":27},"end":{"line":19,"column":null}}},"fnMap":{"0":{"name":"(anonymous_5)","decl":{"start":{"line":11,"column":19},"end":{"line":11,"column":25}},"loc":{"start":{"line":11,"column":25},"end":{"line":11,"column":null}}},"1":{"name":"(anonymous_6)","decl":{"start":{"line":11,"column":25},"end":{"line":11,"column":32}},"loc":{"start":{"line":11,"column":25},"end":{"line":11,"column":null}}},"2":{"name":"(anonymous_7)","decl":{"start":{"line":12,"column":20},"end":{"line":12,"column":26}},"loc":{"start":{"line":12,"column":26},"end":{"line":12,"column":null}}},"3":{"name":"(anonymous_8)","decl":{"start":{"line":12,"column":26},"end":{"line":12,"column":33}},"loc":{"start":{"line":12,"column":26},"end":{"line":12,"column":null}}},"4":{"name":"(anonymous_9)","decl":{"start":{"line":13,"column":22},"end":{"line":13,"column":28}},"loc":{"start":{"line":13,"column":28},"end":{"line":13,"column":null}}},"5":{"name":"(anonymous_10)","decl":{"start":{"line":13,"column":28},"end":{"line":13,"column":35}},"loc":{"start":{"line":13,"column":28},"end":{"line":13,"column":null}}},"6":{"name":"(anonymous_11)","decl":{"start":{"line":14,"column":35},"end":{"line":14,"column":41}},"loc":{"start":{"line":14,"column":41},"end":{"line":14,"column":null}}},"7":{"name":"(anonymous_12)","decl":{"start":{"line":14,"column":41},"end":{"line":14,"column":48}},"loc":{"start":{"line":14,"column":41},"end":{"line":14,"column":null}}},"8":{"name":"(anonymous_13)","decl":{"start":{"line":15,"column":22},"end":{"line":15,"column":28}},"loc":{"start":{"line":15,"column":28},"end":{"line":15,"column":null}}},"9":{"name":"(anonymous_14)","decl":{"start":{"line":15,"column":28},"end":{"line":15,"column":35}},"loc":{"start":{"line":15,"column":28},"end":{"line":15,"column":null}}},"10":{"name":"(anonymous_15)","decl":{"start":{"line":16,"column":26},"end":{"line":16,"column":32}},"loc":{"start":{"line":16,"column":32},"end":{"line":16,"column":null}}},"11":{"name":"(anonymous_16)","decl":{"start":{"line":16,"column":32},"end":{"line":16,"column":39}},"loc":{"start":{"line":16,"column":32},"end":{"line":16,"column":null}}},"12":{"name":"(anonymous_17)","decl":{"start":{"line":17,"column":18},"end":{"line":17,"column":24}},"loc":{"start":{"line":17,"column":24},"end":{"line":17,"column":null}}},"13":{"name":"(anonymous_18)","decl":{"start":{"line":17,"column":24},"end":{"line":17,"column":31}},"loc":{"start":{"line":17,"column":24},"end":{"line":17,"column":null}}},"14":{"name":"(anonymous_19)","decl":{"start":{"line":18,"column":28},"end":{"line":18,"column":34}},"loc":{"start":{"line":18,"column":34},"end":{"line":18,"column":null}}},"15":{"name":"(anonymous_20)","decl":{"start":{"line":18,"column":34},"end":{"line":18,"column":41}},"loc":{"start":{"line":18,"column":34},"end":{"line":18,"column":null}}},"16":{"name":"(anonymous_21)","decl":{"start":{"line":19,"column":21},"end":{"line":19,"column":27}},"loc":{"start":{"line":19,"column":27},"end":{"line":19,"column":null}}},"17":{"name":"(anonymous_22)","decl":{"start":{"line":19,"column":27},"end":{"line":19,"column":34}},"loc":{"start":{"line":19,"column":27},"end":{"line":19,"column":null}}},"18":{"name":"Home","decl":{"start":{"line":28,"column":24},"end":{"line":28,"column":null}},"loc":{"start":{"line":28,"column":24},"end":{"line":76,"column":null}}}},"branchMap":{},"s":{"0":0,"1":0,"2":0,"3":0,"4":0,"5":0,"6":0,"7":0,"8":0,"9":0,"10":0,"11":0,"12":0,"13":0,"14":0,"15":0,"16":0,"17":0,"18":0,"19":0,"20":0,"21":0,"22":0,"23":0,"24":0},"f":{"0":0,"1":0,"2":0,"3":0,"4":0,"5":0,"6":0,"7":0,"8":0,"9":0,"10":0,"11":0,"12":0,"13":0,"14":0,"15":0,"16":0,"17":0,"18":0},"b":{}}
,"/home/sathishkumar/Documents/Sk_Portfolio/portfolio-website/app/api/contact/route.ts": {"path":"/home/sathishkumar/Documents/Sk_Portfolio/portfolio-website/app/api/contact/route.ts","statementMap":{"0":{"start":{"line":116,"column":22},"end":{"line":116,"column":26}},"1":{"start":{"line":7,"column":22},"end":{"line":7,"column":27}},"2":{"start":{"line":1,"column":42},"end":{"line":1,"column":null}},"3":{"start":{"line":2,"column":39},"end":{"line":2,"column":null}},"4":{"start":{"line":5,"column":24},"end":{"line":5,"column":26}},"5":{"start":{"line":8,"column":2},"end":{"line":113,"column":null}},"6":{"start":{"line":9,"column":15},"end":{"line":9,"column":null}},"7":{"start":{"line":12,"column":4},"end":{"line":17,"column":null}},"8":{"start":{"line":13,"column":6},"end":{"line":15,"column":null}},"9":{"start":{"line":19,"column":17},"end":{"line":19,"column":null}},"10":{"start":{"line":20,"column":63},"end":{"line":20,"column":null}},"11":{"start":{"line":23,"column":4},"end":{"line":28,"column":null}},"12":{"start":{"line":24,"column":6},"end":{"line":26,"column":null}},"13":{"start":{"line":30,"column":4},"end":{"line":35,"column":null}},"14":{"start":{"line":31,"column":6},"end":{"line":33,"column":null}},"15":{"start":{"line":38,"column":23},"end":{"line":38,"column":null}},"16":{"start":{"line":39,"column":4},"end":{"line":44,"column":null}},"17":{"start":{"line":40,"column":6},"end":{"line":42,"column":null}},"18":{"start":{"line":47,"column":18},"end":{"line":47,"column":null}},"19":{"start":{"line":48,"column":4},"end":{"line":65,"column":null}},"20":{"start":{"line":49,"column":6},"end":{"line":64,"column":null}},"21":{"start":{"line":50,"column":30},"end":{"line":50,"column":null}},"22":{"start":{"line":50,"column":36},"end":{"line":50,"column":null}},"23":{"start":{"line":51,"column":24},"end":{"line":51,"column":70}},"24":{"start":{"line":51,"column":31},"end":{"line":51,"column":60}},"25":{"start":{"line":53,"column":8},"end":{"line":53,"column":null}},"26":{"start":{"line":54,"column":24},"end":{"line":59,"column":null}},"27":{"start":{"line":60,"column":8},"end":{"line":60,"column":null}},"28":{"start":{"line":62,"column":8},"end":{"line":62,"column":null}},"29":{"start":{"line":68,"column":24},"end":{"line":78,"column":null}},"30":{"start":{"line":79,"column":4},"end":{"line":79,"column":null}},"31":{"start":{"line":82,"column":4},"end":{"line":96,"column":null}},"32":{"start":{"line":84,"column":7},"end":{"line":95,"column":null}},"33":{"start":{"line":85,"column":8},"end":{"line":94,"column":null}},"34":{"start":{"line":86,"column":69},"end":{"line":86,"column":null}},"35":{"start":{"line":86,"column":75},"end":{"line":86,"column":null}},"36":{"start":{"line":87,"column":10},"end":{"line":90,"column":null}},"37":{"start":{"line":91,"column":10},"end":{"line":91,"column":null}},"38":{"start":{"line":93,"column":10},"end":{"line":93,"column":null}},"39":{"start":{"line":99,"column":4},"end":{"line":105,"column":null}},"40":{"start":{"line":108,"column":4},"end":{"line":108,"column":null}},"41":{"start":{"line":109,"column":4},"end":{"line":111,"column":null}},"42":{"start":{"line":117,"column":2},"end":{"line":149,"column":null}},"43":{"start":{"line":119,"column":23},"end":{"line":119,"column":null}},"44":{"start":{"line":120,"column":4},"end":{"line":125,"column":null}},"45":{"start":{"line":121,"column":6},"end":{"line":123,"column":null}},"46":{"start":{"line":128,"column":4},"end":{"line":139,"column":null}},"47":{"start":{"line":129,"column":6},"end":{"line":138,"column":null}},"48":{"start":{"line":130,"column":30},"end":{"line":130,"column":null}},"49":{"start":{"line":130,"column":36},"end":{"line":130,"column":null}},"50":{"start":{"line":131,"column":24},"end":{"line":131,"column":70}},"51":{"start":{"line":131,"column":31},"end":{"line":131,"column":60}},"52":{"start":{"line":133,"column":8},"end":{"line":133,"column":null}},"53":{"start":{"line":134,"column":25},"end":{"line":134,"column":null}},"54":{"start":{"line":135,"column":8},"end":{"line":135,"column":null}},"55":{"start":{"line":137,"column":8},"end":{"line":137,"column":null}},"56":{"start":{"line":142,"column":4},"end":{"line":142,"column":null}},"57":{"start":{"line":144,"column":4},"end":{"line":144,"column":null}},"58":{"start":{"line":145,"column":4},"end":{"line":147,"column":null}}},"fnMap":{"0":{"name":"POST","decl":{"start":{"line":7,"column":22},"end":{"line":7,"column":27}},"loc":{"start":{"line":7,"column":47},"end":{"line":114,"column":null}}},"1":{"name":"(anonymous_7)","decl":{"start":{"line":50,"column":36},"end":{"line":50,"column":43}},"loc":{"start":{"line":50,"column":36},"end":{"line":50,"column":null}}},"2":{"name":"(anonymous_8)","decl":{"start":{"line":51,"column":31},"end":{"line":51,"column":38}},"loc":{"start":{"line":51,"column":31},"end":{"line":51,"column":60}}},"3":{"name":"(anonymous_9)","decl":{"start":{"line":84,"column":7},"end":{"line":84,"column":null}},"loc":{"start":{"line":84,"column":7},"end":{"line":95,"column":null}}},"4":{"name":"(anonymous_10)","decl":{"start":{"line":86,"column":75},"end":{"line":86,"column":82}},"loc":{"start":{"line":86,"column":75},"end":{"line":86,"column":null}}},"5":{"name":"GET","decl":{"start":{"line":116,"column":22},"end":{"line":116,"column":26}},"loc":{"start":{"line":116,"column":46},"end":{"line":150,"column":null}}},"6":{"name":"(anonymous_12)","decl":{"start":{"line":130,"column":36},"end":{"line":130,"column":43}},"loc":{"start":{"line":130,"column":36},"end":{"line":130,"column":null}}},"7":{"name":"(anonymous_13)","decl":{"start":{"line":131,"column":31},"end":{"line":131,"column":38}},"loc":{"start":{"line":131,"column":31},"end":{"line":131,"column":60}}}},"branchMap":{"0":{"loc":{"start":{"line":12,"column":4},"end":{"line":17,"column":null}},"type":"if","locations":[{"start":{"line":12,"column":4},"end":{"line":17,"column":null}}]},"1":{"loc":{"start":{"line":23,"column":4},"end":{"line":28,"column":null}},"type":"if","locations":[{"start":{"line":23,"column":4},"end":{"line":28,"column":null}}]},"2":{"loc":{"start":{"line":23,"column":8},"end":{"line":23,"column":62}},"type":"binary-expr","locations":[{"start":{"line":23,"column":8},"end":{"line":23,"column":17}},{"start":{"line":23,"column":17},"end":{"line":23,"column":27}},{"start":{"line":23,"column":27},"end":{"line":23,"column":39}},{"start":{"line":23,"column":39},"end":{"line":23,"column":52}},{"start":{"line":23,"column":52},"end":{"line":23,"column":62}}]},"3":{"loc":{"start":{"line":30,"column":4},"end":{"line":35,"column":null}},"type":"if","locations":[{"start":{"line":30,"column":4},"end":{"line":35,"column":null}}]},"4":{"loc":{"start":{"line":39,"column":4},"end":{"line":44,"column":null}},"type":"if","locations":[{"start":{"line":39,"column":4},"end":{"line":44,"column":null}}]},"5":{"loc":{"start":{"line":48,"column":4},"end":{"line":65,"column":null}},"type":"if","locations":[{"start":{"line":48,"column":4},"end":{"line":65,"column":null}}]},"6":{"loc":{"start":{"line":69,"column":10},"end":{"line":69,"column":40}},"type":"binary-expr","locations":[{"start":{"line":69,"column":10},"end":{"line":69,"column":21}},{"start":{"line":69,"column":21},"end":{"line":69,"column":40}}]},"7":{"loc":{"start":{"line":82,"column":4},"end":{"line":96,"column":null}},"type":"if","locations":[{"start":{"line":82,"column":4},"end":{"line":96,"column":null}}]},"8":{"loc":{"start":{"line":82,"column":8},"end":{"line":82,"column":54}},"type":"binary-expr","locations":[{"start":{"line":82,"column":8},"end":{"line":82,"column":29}},{"start":{"line":82,"column":33},"end":{"line":82,"column":54}}]},"9":{"loc":{"start":{"line":120,"column":4},"end":{"line":125,"column":null}},"type":"if","locations":[{"start":{"line":120,"column":4},"end":{"line":125,"column":null}}]},"10":{"loc":{"start":{"line":120,"column":8},"end":{"line":120,"column":73}},"type":"binary-expr","locations":[{"start":{"line":120,"column":8},"end":{"line":120,"column":23}},{"start":{"line":120,"column":23},"end":{"line":120,"column":73}}]},"11":{"loc":{"start":{"line":128,"column":4},"end":{"line":139,"column":null}},"type":"if","locations":[{"start":{"line":128,"column":4},"end":{"line":139,"column":null}}]}},"s":{"0":0,"1":0,"2":0,"3":0,"4":0,"5":0,"6":0,"7":0,"8":0,"9":0,"10":0,"11":0,"12":0,"13":0,"14":0,"15":0,"16":0,"17":0,"18":0,"19":0,"20":0,"21":0,"22":0,"23":0,"24":0,"25":0,"26":0,"27":0,"28":0,"29":0,"30":0,"31":0,"32":0,"33":0,"34":0,"35":0,"36":0,"37":0,"38":0,"39":0,"40":0,"41":0,"42":0,"43":0,"44":0,"45":0,"46":0,"47":0,"48":0,"49":0,"50":0,"51":0,"52":0,"53":0,"54":0,"55":0,"56":0,"57":0,"58":0},"f":{"0":0,"1":0,"2":0,"3":0,"4":0,"5":0,"6":0,"7":0},"b":{"0":[0],"1":[0],"2":[0,0,0,0,0],"3":[0],"4":[0],"5":[0],"6":[0,0],"7":[0],"8":[0,0],"9":[0],"10":[0,0],"11":[0]}}
,"/home/sathishkumar/Documents/Sk_Portfolio/portfolio-website/app/blog/BlogPageClient.tsx": {"path":"/home/sathishkumar/Documents/Sk_Portfolio/portfolio-website/app/blog/BlogPageClient.tsx","statementMap":{"0":{"start":{"line":8,"column":24},"end":{"line":8,"column":null}},"1":{"start":{"line":3,"column":23},"end":{"line":3,"column":null}},"2":{"start":{"line":4,"column":17},"end":{"line":4,"column":null}},"3":{"start":{"line":5,"column":28},"end":{"line":5,"column":null}},"4":{"start":{"line":6,"column":17},"end":{"line":6,"column":null}}},"fnMap":{"0":{"name":"BlogPageClient","decl":{"start":{"line":8,"column":24},"end":{"line":8,"column":null}},"loc":{"start":{"line":8,"column":24},"end":{"line":28,"column":null}}}},"branchMap":{},"s":{"0":0,"1":0,"2":0,"3":0,"4":0},"f":{"0":0},"b":{}}
,"/home/sathishkumar/Documents/Sk_Portfolio/portfolio-website/app/blog/layout.tsx": {"path":"/home/sathishkumar/Documents/Sk_Portfolio/portfolio-website/app/blog/layout.tsx","statementMap":{"0":{"start":{"line":16,"column":24},"end":{"line":16,"column":35}},"1":{"start":{"line":3,"column":13},"end":{"line":3,"column":34}},"2":{"start":{"line":3,"column":34},"end":{"line":14,"column":null}},"3":{"start":{"line":21,"column":2},"end":{"line":21,"column":null}}},"fnMap":{"0":{"name":"BlogLayout","decl":{"start":{"line":16,"column":24},"end":{"line":16,"column":35}},"loc":{"start":{"line":20,"column":1},"end":{"line":22,"column":null}}}},"branchMap":{},"s":{"0":0,"1":0,"2":0,"3":0},"f":{"0":0},"b":{}}
,"/home/sathishkumar/Documents/Sk_Portfolio/portfolio-website/app/blog/page.tsx": {"path":"/home/sathishkumar/Documents/Sk_Portfolio/portfolio-website/app/blog/page.tsx","statementMap":{"0":{"start":{"line":46,"column":24},"end":{"line":46,"column":null}},"1":{"start":{"line":4,"column":13},"end":{"line":4,"column":34}},"2":{"start":{"line":2,"column":27},"end":{"line":2,"column":null}},"3":{"start":{"line":4,"column":34},"end":{"line":44,"column":null}},"4":{"start":{"line":47,"column":2},"end":{"line":47,"column":null}}},"fnMap":{"0":{"name":"BlogPage","decl":{"start":{"line":46,"column":24},"end":{"line":46,"column":null}},"loc":{"start":{"line":46,"column":24},"end":{"line":48,"column":null}}}},"branchMap":{},"s":{"0":0,"1":0,"2":0,"3":0,"4":0},"f":{"0":0},"b":{}}
,"/home/sathishkumar/Documents/Sk_Portfolio/portfolio-website/app/blog/[id]/BlogPostClient.tsx": {"path":"/home/sathishkumar/Documents/Sk_Portfolio/portfolio-website/app/blog/[id]/BlogPostClient.tsx","statementMap":{"0":{"start":{"line":14,"column":24},"end":{"line":14,"column":39}},"1":{"start":{"line":3,"column":23},"end":{"line":3,"column":null}},"2":{"start":{"line":4,"column":17},"end":{"line":4,"column":null}},"3":{"start":{"line":5,"column":56},"end":{"line":5,"column":null}},"4":{"start":{"line":6,"column":45},"end":{"line":6,"column":null}},"5":{"start":{"line":7,"column":21},"end":{"line":7,"column":null}},"6":{"start":{"line":8,"column":19},"end":{"line":8,"column":null}},"7":{"start":{"line":15,"column":15},"end":{"line":15,"column":null}},"8":{"start":{"line":16,"column":23},"end":{"line":16,"column":null}},"9":{"start":{"line":18,"column":2},"end":{"line":37,"column":null}},"10":{"start":{"line":39,"column":21},"end":{"line":42,"column":null}},"11":{"start":{"line":40,"column":17},"end":{"line":40,"column":null}},"12":{"start":{"line":41,"column":4},"end":{"line":41,"column":null}},"13":{"start":{"line":45,"column":24},"end":{"line":70,"column":null}},"14":{"start":{"line":73,"column":27},"end":{"line":96,"column":null}},"15":{"start":{"line":198,"column":14},"end":{"line":199,"column":null}},"16":{"start":{"line":219,"column":16},"end":{"line":220,"column":null}}},"fnMap":{"0":{"name":"BlogPostClient","decl":{"start":{"line":14,"column":24},"end":{"line":14,"column":39}},"loc":{"start":{"line":14,"column":56},"end":{"line":234,"column":null}}},"1":{"name":"(anonymous_3)","decl":{"start":{"line":39,"column":21},"end":{"line":39,"column":22}},"loc":{"start":{"line":39,"column":22},"end":{"line":42,"column":null}}},"2":{"name":"(anonymous_4)","decl":{"start":{"line":197,"column":27},"end":{"line":197,"column":28}},"loc":{"start":{"line":198,"column":14},"end":{"line":199,"column":null}}},"3":{"name":"(anonymous_5)","decl":{"start":{"line":218,"column":32},"end":{"line":218,"column":33}},"loc":{"start":{"line":219,"column":16},"end":{"line":220,"column":null}}}},"branchMap":{"0":{"loc":{"start":{"line":18,"column":2},"end":{"line":37,"column":null}},"type":"if","locations":[{"start":{"line":18,"column":2},"end":{"line":37,"column":null}}]},"1":{"loc":{"start":{"line":209,"column":9},"end":{"line":209,"column":null}},"type":"binary-expr","locations":[{"start":{"line":209,"column":9},"end":{"line":209,"column":null}}]}},"s":{"0":0,"1":0,"2":0,"3":0,"4":0,"5":0,"6":0,"7":0,"8":0,"9":0,"10":0,"11":0,"12":0,"13":0,"14":0,"15":0,"16":0},"f":{"0":0,"1":0,"2":0,"3":0},"b":{"0":[0],"1":[0]}}
,"/home/sathishkumar/Documents/Sk_Portfolio/portfolio-website/app/blog/[id]/page.tsx": {"path":"/home/sathishkumar/Documents/Sk_Portfolio/portfolio-website/app/blog/[id]/page.tsx","statementMap":{"0":{"start":{"line":59,"column":24},"end":{"line":59,"column":33}},"1":{"start":{"line":9,"column":22},"end":{"line":9,"column":39}},"2":{"start":{"line":2,"column":28},"end":{"line":2,"column":null}},"3":{"start":{"line":3,"column":27},"end":{"line":3,"column":null}},"4":{"start":{"line":10,"column":15},"end":{"line":10,"column":null}},"5":{"start":{"line":12,"column":2},"end":{"line":17,"column":null}},"6":{"start":{"line":13,"column":4},"end":{"line":16,"column":null}},"7":{"start":{"line":19,"column":24},"end":{"line":19,"column":null}},"8":{"start":{"line":20,"column":23},"end":{"line":20,"column":null}},"9":{"start":{"line":22,"column":2},"end":{"line":56,"column":null}}},"fnMap":{"0":{"name":"generateMetadata","decl":{"start":{"line":9,"column":22},"end":{"line":9,"column":39}},"loc":{"start":{"line":9,"column":56},"end":{"line":57,"column":null}}},"1":{"name":"BlogPost","decl":{"start":{"line":59,"column":24},"end":{"line":59,"column":33}},"loc":{"start":{"line":59,"column":50},"end":{"line":61,"column":null}}}},"branchMap":{"0":{"loc":{"start":{"line":12,"column":2},"end":{"line":17,"column":null}},"type":"if","locations":[{"start":{"line":12,"column":2},"end":{"line":17,"column":null}}]}},"s":{"0":0,"1":0,"2":0,"3":0,"4":0,"5":0,"6":0,"7":0,"8":0,"9":0},"f":{"0":0,"1":0},"b":{"0":[0]}}
,"/home/sathishkumar/Documents/Sk_Portfolio/portfolio-website/components/BlogCard.tsx": {"path":"/home/sathishkumar/Documents/Sk_Portfolio/portfolio-website/components/BlogCard.tsx","statementMap":{"0":{"start":{"line":147,"column":0},"end":{"line":147,"column":15}},"1":{"start":{"line":3,"column":21},"end":{"line":3,"column":null}},"2":{"start":{"line":4,"column":23},"end":{"line":4,"column":null}},"3":{"start":{"line":5,"column":17},"end":{"line":5,"column":null}},"4":{"start":{"line":6,"column":38},"end":{"line":6,"column":null}},"5":{"start":{"line":14,"column":17},"end":{"line":143,"column":null}},"6":{"start":{"line":15,"column":21},"end":{"line":18,"column":null}},"7":{"start":{"line":16,"column":17},"end":{"line":16,"column":null}},"8":{"start":{"line":17,"column":4},"end":{"line":17,"column":null}},"9":{"start":{"line":20,"column":2},"end":{"line":83,"column":null}},"10":{"start":{"line":62,"column":18},"end":{"line":62,"column":34}},"11":{"start":{"line":124,"column":14},"end":{"line":124,"column":30}},"12":{"start":{"line":145,"column":0},"end":{"line":145,"column":null}},"13":{"start":{"line":147,"column":15},"end":{"line":147,"column":null}}},"fnMap":{"0":{"name":"(anonymous_2)","decl":{"start":{"line":14,"column":22},"end":{"line":14,"column":23}},"loc":{"start":{"line":14,"column":64},"end":{"line":143,"column":null}}},"1":{"name":"(anonymous_3)","decl":{"start":{"line":15,"column":21},"end":{"line":15,"column":22}},"loc":{"start":{"line":15,"column":22},"end":{"line":18,"column":null}}},"2":{"name":"(anonymous_4)","decl":{"start":{"line":61,"column":43},"end":{"line":61,"column":44}},"loc":{"start":{"line":62,"column":18},"end":{"line":62,"column":34}}},"3":{"name":"(anonymous_5)","decl":{"start":{"line":123,"column":39},"end":{"line":123,"column":40}},"loc":{"start":{"line":124,"column":14},"end":{"line":124,"column":30}}}},"branchMap":{"0":{"loc":{"start":{"line":14,"column":31},"end":{"line":14,"column":47}},"type":"default-arg","locations":[{"start":{"line":14,"column":42},"end":{"line":14,"column":47}}]},"1":{"loc":{"start":{"line":20,"column":2},"end":{"line":83,"column":null}},"type":"if","locations":[{"start":{"line":20,"column":2},"end":{"line":83,"column":null}}]}},"s":{"0":17,"1":1,"2":1,"3":1,"4":1,"5":1,"6":17,"7":17,"8":17,"9":17,"10":10,"11":24,"12":1,"13":1},"f":{"0":17,"1":17,"2":10,"3":24},"b":{"0":[12],"1":[5]}}
,"/home/sathishkumar/Documents/Sk_Portfolio/portfolio-website/components/ClientLayout.tsx": {"path":"/home/sathishkumar/Documents/Sk_Portfolio/portfolio-website/components/ClientLayout.tsx","statementMap":{"0":{"start":{"line":7,"column":16},"end":{"line":7,"column":29}},"1":{"start":{"line":3,"column":36},"end":{"line":3,"column":null}},"2":{"start":{"line":4,"column":19},"end":{"line":4,"column":null}},"3":{"start":{"line":5,"column":19},"end":{"line":5,"column":null}},"4":{"start":{"line":8,"column":32},"end":{"line":8,"column":null}},"5":{"start":{"line":10,"column":2},"end":{"line":12,"column":null}},"6":{"start":{"line":11,"column":4},"end":{"line":11,"column":null}}},"fnMap":{"0":{"name":"ClientLayout","decl":{"start":{"line":7,"column":16},"end":{"line":7,"column":29}},"loc":{"start":{"line":7,"column":72},"end":{"line":21,"column":null}}},"1":{"name":"(anonymous_3)","decl":{"start":{"line":10,"column":12},"end":{"line":10,"column":null}},"loc":{"start":{"line":10,"column":12},"end":{"line":12,"column":5}}}},"branchMap":{"0":{"loc":{"start":{"line":16,"column":7},"end":{"line":16,"column":null}},"type":"binary-expr","locations":[{"start":{"line":16,"column":7},"end":{"line":16,"column":18}},{"start":{"line":16,"column":18},"end":{"line":16,"column":null}}]},"1":{"loc":{"start":{"line":18,"column":7},"end":{"line":18,"column":null}},"type":"binary-expr","locations":[{"start":{"line":18,"column":7},"end":{"line":18,"column":18}},{"start":{"line":18,"column":18},"end":{"line":18,"column":null}}]}},"s":{"0":0,"1":0,"2":0,"3":0,"4":0,"5":0,"6":0},"f":{"0":0,"1":0},"b":{"0":[0,0],"1":[0,0]}}
,"/home/sathishkumar/Documents/Sk_Portfolio/portfolio-website/components/DeviceShowcase.tsx": {"path":"/home/sathishkumar/Documents/Sk_Portfolio/portfolio-website/components/DeviceShowcase.tsx","statementMap":{"0":{"start":{"line":37,"column":0},"end":{"line":37,"column":15}},"1":{"start":{"line":3,"column":23},"end":{"line":3,"column":null}},"2":{"start":{"line":4,"column":56},"end":{"line":4,"column":null}},"3":{"start":{"line":5,"column":25},"end":{"line":5,"column":null}},"4":{"start":{"line":6,"column":23},"end":{"line":6,"column":null}},"5":{"start":{"line":7,"column":27},"end":{"line":7,"column":null}},"6":{"start":{"line":9,"column":23},"end":{"line":35,"column":null}},"7":{"start":{"line":37,"column":15},"end":{"line":37,"column":null}}},"fnMap":{"0":{"name":"(anonymous_2)","decl":{"start":{"line":9,"column":23},"end":{"line":9,"column":null}},"loc":{"start":{"line":9,"column":23},"end":{"line":35,"column":null}}}},"branchMap":{},"s":{"0":0,"1":0,"2":0,"3":0,"4":0,"5":0,"6":0,"7":0},"f":{"0":0},"b":{}}
,"/home/sathishkumar/Documents/Sk_Portfolio/portfolio-website/components/Footer.tsx": {"path":"/home/sathishkumar/Documents/Sk_Portfolio/portfolio-website/components/Footer.tsx","statementMap":{"0":{"start":{"line":104,"column":0},"end":{"line":104,"column":15}},"1":{"start":{"line":3,"column":23},"end":{"line":3,"column":null}},"2":{"start":{"line":4,"column":17},"end":{"line":4,"column":null}},"3":{"start":{"line":5,"column":57},"end":{"line":5,"column":null}},"4":{"start":{"line":7,"column":15},"end":{"line":102,"column":null}},"5":{"start":{"line":9,"column":22},"end":{"line":13,"column":null}},"6":{"start":{"line":80,"column":12},"end":{"line":81,"column":null}},"7":{"start":{"line":104,"column":15},"end":{"line":104,"column":null}}},"fnMap":{"0":{"name":"(anonymous_2)","decl":{"start":{"line":7,"column":15},"end":{"line":7,"column":null}},"loc":{"start":{"line":7,"column":15},"end":{"line":102,"column":null}}},"1":{"name":"(anonymous_3)","decl":{"start":{"line":79,"column":27},"end":{"line":79,"column":28}},"loc":{"start":{"line":80,"column":12},"end":{"line":81,"column":null}}}},"branchMap":{},"s":{"0":0,"1":0,"2":0,"3":0,"4":0,"5":0,"6":0,"7":0},"f":{"0":0,"1":0},"b":{}}
,"/home/sathishkumar/Documents/Sk_Portfolio/portfolio-website/components/LazySection.tsx": {"path":"/home/sathishkumar/Documents/Sk_Portfolio/portfolio-website/components/LazySection.tsx","statementMap":{"0":{"start":{"line":10,"column":16},"end":{"line":10,"column":28}},"1":{"start":{"line":18,"column":16},"end":{"line":18,"column":34}},"2":{"start":{"line":3,"column":46},"end":{"line":3,"column":null}},"3":{"start":{"line":19,"column":2},"end":{"line":19,"column":null}},"4":{"start":{"line":19,"column":20},"end":{"line":19,"column":null}}},"fnMap":{"0":{"name":"LazySection","decl":{"start":{"line":10,"column":16},"end":{"line":10,"column":28}},"loc":{"start":{"line":10,"column":80},"end":{"line":16,"column":null}}},"1":{"name":"createLazySection","decl":{"start":{"line":18,"column":16},"end":{"line":18,"column":34}},"loc":{"start":{"line":18,"column":58},"end":{"line":20,"column":null}}},"2":{"name":"(anonymous_5)","decl":{"start":{"line":19,"column":14},"end":{"line":19,"column":20}},"loc":{"start":{"line":19,"column":20},"end":{"line":19,"column":null}}}},"branchMap":{"0":{"loc":{"start":{"line":12,"column":24},"end":{"line":12,"column":36}},"type":"binary-expr","locations":[{"start":{"line":12,"column":24},"end":{"line":12,"column":36}}]}},"s":{"0":0,"1":0,"2":0,"3":0,"4":0},"f":{"0":0,"1":0,"2":0},"b":{"0":[0]}}
,"/home/sathishkumar/Documents/Sk_Portfolio/portfolio-website/components/Navbar.tsx": {"path":"/home/sathishkumar/Documents/Sk_Portfolio/portfolio-website/components/Navbar.tsx","statementMap":{"0":{"start":{"line":126,"column":0},"end":{"line":126,"column":15}},"1":{"start":{"line":3,"column":58},"end":{"line":3,"column":null}},"2":{"start":{"line":4,"column":23},"end":{"line":4,"column":null}},"3":{"start":{"line":5,"column":17},"end":{"line":5,"column":null}},"4":{"start":{"line":6,"column":28},"end":{"line":6,"column":null}},"5":{"start":{"line":8,"column":15},"end":{"line":124,"column":null}},"6":{"start":{"line":9,"column":30},"end":{"line":9,"column":null}},"7":{"start":{"line":10,"column":38},"end":{"line":10,"column":null}},"8":{"start":{"line":11,"column":32},"end":{"line":11,"column":null}},"9":{"start":{"line":13,"column":2},"end":{"line":15,"column":null}},"10":{"start":{"line":14,"column":4},"end":{"line":14,"column":null}},"11":{"start":{"line":18,"column":23},"end":{"line":20,"column":null}},"12":{"start":{"line":19,"column":4},"end":{"line":19,"column":null}},"13":{"start":{"line":22,"column":2},"end":{"line":34,"column":null}},"14":{"start":{"line":24,"column":28},"end":{"line":27,"column":null}},"15":{"start":{"line":25,"column":6},"end":{"line":25,"column":null}},"16":{"start":{"line":26,"column":6},"end":{"line":26,"column":null}},"17":{"start":{"line":29,"column":4},"end":{"line":29,"column":null}},"18":{"start":{"line":30,"column":4},"end":{"line":33,"column":null}},"19":{"start":{"line":31,"column":6},"end":{"line":31,"column":null}},"20":{"start":{"line":32,"column":6},"end":{"line":32,"column":null}},"21":{"start":{"line":36,"column":19},"end":{"line":46,"column":null}},"22":{"start":{"line":37,"column":10},"end":{"line":45,"column":null}},"23":{"start":{"line":49,"column":2},"end":{"line":49,"column":null}},"24":{"start":{"line":49,"column":16},"end":{"line":49,"column":null}},"25":{"start":{"line":71,"column":14},"end":{"line":72,"column":null}},"26":{"start":{"line":95,"column":29},"end":{"line":95,"column":null}},"27":{"start":{"line":110,"column":14},"end":{"line":111,"column":null}},"28":{"start":{"line":114,"column":31},"end":{"line":114,"column":null}},"29":{"start":{"line":126,"column":15},"end":{"line":126,"column":null}}},"fnMap":{"0":{"name":"(anonymous_2)","decl":{"start":{"line":8,"column":15},"end":{"line":8,"column":null}},"loc":{"start":{"line":8,"column":15},"end":{"line":124,"column":null}}},"1":{"name":"(anonymous_3)","decl":{"start":{"line":13,"column":12},"end":{"line":13,"column":null}},"loc":{"start":{"line":13,"column":12},"end":{"line":15,"column":5}}},"2":{"name":"(anonymous_4)","decl":{"start":{"line":18,"column":35},"end":{"line":18,"column":null}},"loc":{"start":{"line":18,"column":35},"end":{"line":20,"column":5}}},"3":{"name":"(anonymous_5)","decl":{"start":{"line":22,"column":12},"end":{"line":22,"column":null}},"loc":{"start":{"line":22,"column":12},"end":{"line":34,"column":5}}},"4":{"name":"(anonymous_6)","decl":{"start":{"line":24,"column":28},"end":{"line":24,"column":null}},"loc":{"start":{"line":24,"column":28},"end":{"line":27,"column":null}}},"5":{"name":"(anonymous_7)","decl":{"start":{"line":30,"column":11},"end":{"line":30,"column":null}},"loc":{"start":{"line":30,"column":11},"end":{"line":33,"column":null}}},"6":{"name":"(anonymous_8)","decl":{"start":{"line":37,"column":4},"end":{"line":37,"column":10}},"loc":{"start":{"line":37,"column":10},"end":{"line":45,"column":null}}},"7":{"name":"(anonymous_9)","decl":{"start":{"line":70,"column":26},"end":{"line":70,"column":27}},"loc":{"start":{"line":71,"column":14},"end":{"line":72,"column":null}}},"8":{"name":"(anonymous_10)","decl":{"start":{"line":95,"column":23},"end":{"line":95,"column":29}},"loc":{"start":{"line":95,"column":29},"end":{"line":95,"column":null}}},"9":{"name":"(anonymous_11)","decl":{"start":{"line":109,"column":26},"end":{"line":109,"column":27}},"loc":{"start":{"line":110,"column":14},"end":{"line":111,"column":null}}},"10":{"name":"(anonymous_12)","decl":{"start":{"line":114,"column":25},"end":{"line":114,"column":31}},"loc":{"start":{"line":114,"column":31},"end":{"line":114,"column":null}}}},"branchMap":{"0":{"loc":{"start":{"line":49,"column":2},"end":{"line":49,"column":null}},"type":"if","locations":[{"start":{"line":49,"column":2},"end":{"line":49,"column":null}}]},"1":{"loc":{"start":{"line":54,"column":8},"end":{"line":54,"column":null}},"type":"cond-expr","locations":[{"start":{"line":54,"column":21},"end":{"line":54,"column":31}},{"start":{"line":54,"column":31},"end":{"line":54,"column":null}}]},"2":{"loc":{"start":{"line":93,"column":26},"end":{"line":93,"column":null}},"type":"cond-expr","locations":[{"start":{"line":93,"column":35},"end":{"line":93,"column":61}},{"start":{"line":93,"column":61},"end":{"line":93,"column":null}}]},"3":{"loc":{"start":{"line":97,"column":24},"end":{"line":97,"column":45}},"type":"cond-expr","locations":[{"start":{"line":97,"column":24},"end":{"line":97,"column":45}}]},"4":{"loc":{"start":{"line":103,"column":9},"end":{"line":103,"column":null}},"type":"binary-expr","locations":[{"start":{"line":103,"column":9},"end":{"line":103,"column":null}}]}},"s":{"0":0,"1":0,"2":0,"3":0,"4":0,"5":0,"6":0,"7":0,"8":0,"9":0,"10":0,"11":0,"12":0,"13":0,"14":0,"15":0,"16":0,"17":0,"18":0,"19":0,"20":0,"21":0,"22":0,"23":0,"24":0,"25":0,"26":0,"27":0,"28":0,"29":0},"f":{"0":0,"1":0,"2":0,"3":0,"4":0,"5":0,"6":0,"7":0,"8":0,"9":0,"10":0},"b":{"0":[0],"1":[0,0],"2":[0,0],"3":[0],"4":[0]}}
,"/home/sathishkumar/Documents/Sk_Portfolio/portfolio-website/components/PageLoader.tsx": {"path":"/home/sathishkumar/Documents/Sk_Portfolio/portfolio-website/components/PageLoader.tsx","statementMap":{"0":{"start":{"line":15,"column":24},"end":{"line":15,"column":null}},"1":{"start":{"line":3,"column":36},"end":{"line":3,"column":null}},"2":{"start":{"line":4,"column":40},"end":{"line":4,"column":null}},"3":{"start":{"line":16,"column":36},"end":{"line":16,"column":null}},"4":{"start":{"line":17,"column":34},"end":{"line":17,"column":null}},"5":{"start":{"line":18,"column":36},"end":{"line":18,"column":null}},"6":{"start":{"line":20,"column":2},"end":{"line":52,"column":null}},"7":{"start":{"line":22,"column":43},"end":{"line":29,"column":null}},"8":{"start":{"line":22,"column":81},"end":{"line":29,"column":null}},"9":{"start":{"line":30,"column":4},"end":{"line":30,"column":null}},"10":{"start":{"line":33,"column":29},"end":{"line":41,"column":null}},"11":{"start":{"line":34,"column":6},"end":{"line":40,"column":null}},"12":{"start":{"line":35,"column":8},"end":{"line":38,"column":null}},"13":{"start":{"line":36,"column":10},"end":{"line":36,"column":null}},"14":{"start":{"line":37,"column":10},"end":{"line":37,"column":null}},"15":{"start":{"line":39,"column":8},"end":{"line":39,"column":null}},"16":{"start":{"line":44,"column":18},"end":{"line":46,"column":null}},"17":{"start":{"line":45,"column":6},"end":{"line":45,"column":null}},"18":{"start":{"line":48,"column":4},"end":{"line":51,"column":null}},"19":{"start":{"line":49,"column":6},"end":{"line":49,"column":null}},"20":{"start":{"line":50,"column":6},"end":{"line":50,"column":null}},"21":{"start":{"line":132,"column":14},"end":{"line":133,"column":null}}},"fnMap":{"0":{"name":"PageLoader","decl":{"start":{"line":15,"column":24},"end":{"line":15,"column":null}},"loc":{"start":{"line":15,"column":24},"end":{"line":156,"column":null}}},"1":{"name":"(anonymous_2)","decl":{"start":{"line":20,"column":12},"end":{"line":20,"column":null}},"loc":{"start":{"line":20,"column":12},"end":{"line":52,"column":5}}},"2":{"name":"(anonymous_3)","decl":{"start":{"line":22,"column":70},"end":{"line":22,"column":71}},"loc":{"start":{"line":22,"column":81},"end":{"line":29,"column":null}}},"3":{"name":"(anonymous_4)","decl":{"start":{"line":33,"column":41},"end":{"line":33,"column":null}},"loc":{"start":{"line":33,"column":41},"end":{"line":41,"column":7}}},"4":{"name":"(anonymous_5)","decl":{"start":{"line":34,"column":18},"end":{"line":34,"column":19}},"loc":{"start":{"line":34,"column":19},"end":{"line":40,"column":null}}},"5":{"name":"(anonymous_6)","decl":{"start":{"line":44,"column":29},"end":{"line":44,"column":null}},"loc":{"start":{"line":44,"column":29},"end":{"line":46,"column":7}}},"6":{"name":"(anonymous_7)","decl":{"start":{"line":48,"column":11},"end":{"line":48,"column":null}},"loc":{"start":{"line":48,"column":11},"end":{"line":51,"column":null}}},"7":{"name":"(anonymous_8)","decl":{"start":{"line":131,"column":27},"end":{"line":131,"column":28}},"loc":{"start":{"line":132,"column":14},"end":{"line":133,"column":null}}}},"branchMap":{"0":{"loc":{"start":{"line":35,"column":8},"end":{"line":38,"column":null}},"type":"if","locations":[{"start":{"line":35,"column":8},"end":{"line":38,"column":null}}]},"1":{"loc":{"start":{"line":56,"column":7},"end":{"line":56,"column":null}},"type":"binary-expr","locations":[{"start":{"line":56,"column":7},"end":{"line":56,"column":null}}]}},"s":{"0":0,"1":0,"2":0,"3":0,"4":0,"5":0,"6":0,"7":0,"8":0,"9":0,"10":0,"11":0,"12":0,"13":0,"14":0,"15":0,"16":0,"17":0,"18":0,"19":0,"20":0,"21":0},"f":{"0":0,"1":0,"2":0,"3":0,"4":0,"5":0,"6":0,"7":0},"b":{"0":[0],"1":[0]}}
,"/home/sathishkumar/Documents/Sk_Portfolio/portfolio-website/components/ParticleBackground.tsx": {"path":"/home/sathishkumar/Documents/Sk_Portfolio/portfolio-website/components/ParticleBackground.tsx","statementMap":{"0":{"start":{"line":141,"column":0},"end":{"line":141,"column":15}},"1":{"start":{"line":3,"column":34},"end":{"line":3,"column":null}},"2":{"start":{"line":14,"column":27},"end":{"line":139,"column":null}},"3":{"start":{"line":15,"column":20},"end":{"line":15,"column":null}},"4":{"start":{"line":16,"column":28},"end":{"line":16,"column":null}},"5":{"start":{"line":18,"column":2},"end":{"line":125,"column":null}},"6":{"start":{"line":19,"column":19},"end":{"line":19,"column":36}},"7":{"start":{"line":20,"column":4},"end":{"line":20,"column":null}},"8":{"start":{"line":20,"column":17},"end":{"line":20,"column":null}},"9":{"start":{"line":22,"column":16},"end":{"line":22,"column":null}},"10":{"start":{"line":23,"column":4},"end":{"line":23,"column":null}},"11":{"start":{"line":23,"column":14},"end":{"line":23,"column":null}},"12":{"start":{"line":26,"column":25},"end":{"line":31,"column":null}},"13":{"start":{"line":27,"column":18},"end":{"line":27,"column":null}},"14":{"start":{"line":28,"column":6},"end":{"line":28,"column":null}},"15":{"start":{"line":29,"column":6},"end":{"line":29,"column":null}},"16":{"start":{"line":30,"column":6},"end":{"line":30,"column":null}},"17":{"start":{"line":32,"column":4},"end":{"line":32,"column":null}},"18":{"start":{"line":35,"column":34},"end":{"line":35,"column":36}},"19":{"start":{"line":36,"column":26},"end":{"line":36,"column":null}},"20":{"start":{"line":38,"column":4},"end":{"line":47,"column":null}},"21":{"start":{"line":38,"column":17},"end":{"line":38,"column":20}},"22":{"start":{"line":39,"column":6},"end":{"line":46,"column":null}},"23":{"start":{"line":49,"column":19},"end":{"line":49,"column":null}},"24":{"start":{"line":50,"column":22},"end":{"line":50,"column":null}},"25":{"start":{"line":51,"column":22},"end":{"line":51,"column":null}},"26":{"start":{"line":54,"column":20},"end":{"line":109,"column":null}},"27":{"start":{"line":55,"column":26},"end":{"line":55,"column":null}},"28":{"start":{"line":56,"column":24},"end":{"line":56,"column":null}},"29":{"start":{"line":58,"column":6},"end":{"line":106,"column":null}},"30":{"start":{"line":59,"column":8},"end":{"line":59,"column":null}},"31":{"start":{"line":62,"column":8},"end":{"line":62,"column":null}},"32":{"start":{"line":63,"column":8},"end":{"line":63,"column":null}},"33":{"start":{"line":65,"column":8},"end":{"line":87,"column":null}},"34":{"start":{"line":67,"column":10},"end":{"line":67,"column":null}},"35":{"start":{"line":68,"column":10},"end":{"line":68,"column":null}},"36":{"start":{"line":71,"column":10},"end":{"line":73,"column":null}},"37":{"start":{"line":72,"column":12},"end":{"line":72,"column":null}},"38":{"start":{"line":74,"column":10},"end":{"line":76,"column":null}},"39":{"start":{"line":75,"column":12},"end":{"line":75,"column":null}},"40":{"start":{"line":79,"column":10},"end":{"line":79,"column":null}},"41":{"start":{"line":80,"column":10},"end":{"line":80,"column":null}},"42":{"start":{"line":83,"column":10},"end":{"line":83,"column":null}},"43":{"start":{"line":84,"column":10},"end":{"line":84,"column":null}},"44":{"start":{"line":85,"column":10},"end":{"line":85,"column":null}},"45":{"start":{"line":86,"column":10},"end":{"line":86,"column":null}},"46":{"start":{"line":90,"column":8},"end":{"line":105,"column":null}},"47":{"start":{"line":90,"column":21},"end":{"line":90,"column":24}},"48":{"start":{"line":91,"column":10},"end":{"line":104,"column":null}},"49":{"start":{"line":91,"column":23},"end":{"line":91,"column":30}},"50":{"start":{"line":92,"column":23},"end":{"line":92,"column":54}},"51":{"start":{"line":93,"column":23},"end":{"line":93,"column":54}},"52":{"start":{"line":94,"column":29},"end":{"line":94,"column":null}},"53":{"start":{"line":96,"column":12},"end":{"line":103,"column":null}},"54":{"start":{"line":97,"column":14},"end":{"line":97,"column":null}},"55":{"start":{"line":98,"column":14},"end":{"line":98,"column":null}},"56":{"start":{"line":99,"column":14},"end":{"line":99,"column":null}},"57":{"start":{"line":100,"column":14},"end":{"line":100,"column":null}},"58":{"start":{"line":101,"column":14},"end":{"line":101,"column":null}},"59":{"start":{"line":102,"column":14},"end":{"line":102,"column":null}},"60":{"start":{"line":108,"column":6},"end":{"line":108,"column":null}},"61":{"start":{"line":111,"column":4},"end":{"line":111,"column":null}},"62":{"start":{"line":114,"column":25},"end":{"line":116,"column":null}},"63":{"start":{"line":115,"column":6},"end":{"line":115,"column":null}},"64":{"start":{"line":118,"column":4},"end":{"line":118,"column":null}},"65":{"start":{"line":119,"column":4},"end":{"line":124,"column":null}},"66":{"start":{"line":120,"column":6},"end":{"line":120,"column":null}},"67":{"start":{"line":121,"column":6},"end":{"line":123,"column":null}},"68":{"start":{"line":122,"column":8},"end":{"line":122,"column":null}},"69":{"start":{"line":141,"column":15},"end":{"line":141,"column":null}}},"fnMap":{"0":{"name":"(anonymous_1)","decl":{"start":{"line":14,"column":27},"end":{"line":14,"column":null}},"loc":{"start":{"line":14,"column":27},"end":{"line":139,"column":null}}},"1":{"name":"(anonymous_2)","decl":{"start":{"line":18,"column":12},"end":{"line":18,"column":null}},"loc":{"start":{"line":18,"column":12},"end":{"line":125,"column":5}}},"2":{"name":"(anonymous_3)","decl":{"start":{"line":26,"column":25},"end":{"line":26,"column":null}},"loc":{"start":{"line":26,"column":25},"end":{"line":31,"column":null}}},"3":{"name":"(anonymous_4)","decl":{"start":{"line":54,"column":20},"end":{"line":54,"column":null}},"loc":{"start":{"line":54,"column":20},"end":{"line":109,"column":null}}},"4":{"name":"(anonymous_5)","decl":{"start":{"line":65,"column":26},"end":{"line":65,"column":27}},"loc":{"start":{"line":65,"column":27},"end":{"line":87,"column":null}}},"5":{"name":"(anonymous_6)","decl":{"start":{"line":114,"column":25},"end":{"line":114,"column":null}},"loc":{"start":{"line":114,"column":25},"end":{"line":116,"column":null}}},"6":{"name":"(anonymous_7)","decl":{"start":{"line":119,"column":11},"end":{"line":119,"column":null}},"loc":{"start":{"line":119,"column":11},"end":{"line":124,"column":null}}}},"branchMap":{"0":{"loc":{"start":{"line":20,"column":4},"end":{"line":20,"column":null}},"type":"if","locations":[{"start":{"line":20,"column":4},"end":{"line":20,"column":null}}]},"1":{"loc":{"start":{"line":23,"column":4},"end":{"line":23,"column":null}},"type":"if","locations":[{"start":{"line":23,"column":4},"end":{"line":23,"column":null}}]},"2":{"loc":{"start":{"line":27,"column":18},"end":{"line":27,"column":null}},"type":"binary-expr","locations":[{"start":{"line":27,"column":18},"end":{"line":27,"column":41}},{"start":{"line":27,"column":45},"end":{"line":27,"column":null}}]},"3":{"loc":{"start":{"line":58,"column":6},"end":{"line":106,"column":null}},"type":"if","locations":[{"start":{"line":58,"column":6},"end":{"line":106,"column":null}}]},"4":{"loc":{"start":{"line":71,"column":10},"end":{"line":73,"column":null}},"type":"if","locations":[{"start":{"line":71,"column":10},"end":{"line":73,"column":null}}]},"5":{"loc":{"start":{"line":71,"column":14},"end":{"line":71,"column":98}},"type":"binary-expr","locations":[{"start":{"line":71,"column":14},"end":{"line":71,"column":50}},{"start":{"line":71,"column":50},"end":{"line":71,"column":98}}]},"6":{"loc":{"start":{"line":74,"column":10},"end":{"line":76,"column":null}},"type":"if","locations":[{"start":{"line":74,"column":10},"end":{"line":76,"column":null}}]},"7":{"loc":{"start":{"line":74,"column":14},"end":{"line":74,"column":99}},"type":"binary-expr","locations":[{"start":{"line":74,"column":14},"end":{"line":74,"column":50}},{"start":{"line":74,"column":50},"end":{"line":74,"column":99}}]},"8":{"loc":{"start":{"line":96,"column":12},"end":{"line":103,"column":null}},"type":"if","locations":[{"start":{"line":96,"column":12},"end":{"line":103,"column":null}}]},"9":{"loc":{"start":{"line":121,"column":6},"end":{"line":123,"column":null}},"type":"if","locations":[{"start":{"line":121,"column":6},"end":{"line":123,"column":null}}]}},"s":{"0":0,"1":0,"2":0,"3":0,"4":0,"5":0,"6":0,"7":0,"8":0,"9":0,"10":0,"11":0,"12":0,"13":0,"14":0,"15":0,"16":0,"17":0,"18":0,"19":0,"20":0,"21":0,"22":0,"23":0,"24":0,"25":0,"26":0,"27":0,"28":0,"29":0,"30":0,"31":0,"32":0,"33":0,"34":0,"35":0,"36":0,"37":0,"38":0,"39":0,"40":0,"41":0,"42":0,"43":0,"44":0,"45":0,"46":0,"47":0,"48":0,"49":0,"50":0,"51":0,"52":0,"53":0,"54":0,"55":0,"56":0,"57":0,"58":0,"59":0,"60":0,"61":0,"62":0,"63":0,"64":0,"65":0,"66":0,"67":0,"68":0,"69":0},"f":{"0":0,"1":0,"2":0,"3":0,"4":0,"5":0,"6":0},"b":{"0":[0],"1":[0],"2":[0,0],"3":[0],"4":[0],"5":[0,0],"6":[0],"7":[0,0],"8":[0],"9":[0]}}
,"/home/sathishkumar/Documents/Sk_Portfolio/portfolio-website/components/ProjectCard.tsx": {"path":"/home/sathishkumar/Documents/Sk_Portfolio/portfolio-website/components/ProjectCard.tsx","statementMap":{"0":{"start":{"line":188,"column":0},"end":{"line":188,"column":15}},"1":{"start":{"line":3,"column":47},"end":{"line":3,"column":null}},"2":{"start":{"line":4,"column":40},"end":{"line":4,"column":null}},"3":{"start":{"line":5,"column":54},"end":{"line":5,"column":null}},"4":{"start":{"line":7,"column":20},"end":{"line":7,"column":null}},"5":{"start":{"line":7,"column":31},"end":{"line":7,"column":null}},"6":{"start":{"line":21,"column":20},"end":{"line":184,"column":null}},"7":{"start":{"line":32,"column":36},"end":{"line":32,"column":null}},"8":{"start":{"line":55,"column":33},"end":{"line":55,"column":null}},"9":{"start":{"line":110,"column":16},"end":{"line":111,"column":null}},"10":{"start":{"line":126,"column":16},"end":{"line":127,"column":null}},"11":{"start":{"line":150,"column":27},"end":{"line":150,"column":null}},"12":{"start":{"line":157,"column":30},"end":{"line":157,"column":null}},"13":{"start":{"line":160,"column":31},"end":{"line":160,"column":null}},"14":{"start":{"line":186,"column":0},"end":{"line":186,"column":null}},"15":{"start":{"line":188,"column":15},"end":{"line":188,"column":null}}},"fnMap":{"0":{"name":"(anonymous_4)","decl":{"start":{"line":7,"column":25},"end":{"line":7,"column":31}},"loc":{"start":{"line":7,"column":31},"end":{"line":7,"column":null}}},"1":{"name":"(anonymous_5)","decl":{"start":{"line":7,"column":31},"end":{"line":7,"column":38}},"loc":{"start":{"line":7,"column":31},"end":{"line":7,"column":null}}},"2":{"name":"(anonymous_6)","decl":{"start":{"line":21,"column":25},"end":{"line":21,"column":26}},"loc":{"start":{"line":31,"column":19},"end":{"line":184,"column":null}}},"3":{"name":"(anonymous_7)","decl":{"start":{"line":55,"column":27},"end":{"line":55,"column":33}},"loc":{"start":{"line":55,"column":33},"end":{"line":55,"column":null}}},"4":{"name":"(anonymous_8)","decl":{"start":{"line":109,"column":24},"end":{"line":109,"column":25}},"loc":{"start":{"line":110,"column":16},"end":{"line":111,"column":null}}},"5":{"name":"(anonymous_9)","decl":{"start":{"line":125,"column":32},"end":{"line":125,"column":33}},"loc":{"start":{"line":126,"column":16},"end":{"line":127,"column":null}}},"6":{"name":"(anonymous_10)","decl":{"start":{"line":150,"column":21},"end":{"line":150,"column":27}},"loc":{"start":{"line":150,"column":27},"end":{"line":150,"column":null}}},"7":{"name":"(anonymous_11)","decl":{"start":{"line":157,"column":23},"end":{"line":157,"column":24}},"loc":{"start":{"line":157,"column":30},"end":{"line":157,"column":null}}},"8":{"name":"(anonymous_12)","decl":{"start":{"line":160,"column":25},"end":{"line":160,"column":31}},"loc":{"start":{"line":160,"column":31},"end":{"line":160,"column":null}}}},"branchMap":{"0":{"loc":{"start":{"line":38,"column":10},"end":{"line":38,"column":null}},"type":"cond-expr","locations":[{"start":{"line":38,"column":21},"end":{"line":38,"column":39}},{"start":{"line":38,"column":39},"end":{"line":38,"column":null}}]},"1":{"loc":{"start":{"line":43,"column":9},"end":{"line":67,"column":null}},"type":"cond-expr","locations":[{"start":{"line":44,"column":10},"end":{"line":67,"column":null}},{"start":{"line":67,"column":12},"end":{"line":67,"column":null}}]},"2":{"loc":{"start":{"line":43,"column":9},"end":{"line":43,"column":null}},"type":"binary-expr","locations":[{"start":{"line":43,"column":9},"end":{"line":43,"column":18}},{"start":{"line":43,"column":18},"end":{"line":43,"column":null}}]},"3":{"loc":{"start":{"line":45,"column":13},"end":{"line":45,"column":null}},"type":"binary-expr","locations":[{"start":{"line":45,"column":13},"end":{"line":45,"column":null}}]},"4":{"loc":{"start":{"line":52,"column":13},"end":{"line":52,"column":null}},"type":"binary-expr","locations":[{"start":{"line":52,"column":13},"end":{"line":52,"column":null}}]},"5":{"loc":{"start":{"line":74,"column":15},"end":{"line":74,"column":null}},"type":"binary-expr","locations":[{"start":{"line":74,"column":15},"end":{"line":74,"column":null}}]},"6":{"loc":{"start":{"line":87,"column":15},"end":{"line":87,"column":null}},"type":"binary-expr","locations":[{"start":{"line":87,"column":15},"end":{"line":87,"column":null}}]},"7":{"loc":{"start":{"line":144,"column":9},"end":{"line":144,"column":null}},"type":"binary-expr","locations":[{"start":{"line":144,"column":9},"end":{"line":144,"column":null}}]}},"s":{"0":0,"1":0,"2":0,"3":0,"4":0,"5":0,"6":0,"7":0,"8":0,"9":0,"10":0,"11":0,"12":0,"13":0,"14":0,"15":0},"f":{"0":0,"1":0,"2":0,"3":0,"4":0,"5":0,"6":0,"7":0,"8":0},"b":{"0":[0,0],"1":[0,0],"2":[0,0],"3":[0],"4":[0],"5":[0],"6":[0],"7":[0]}}
,"/home/sathishkumar/Documents/Sk_Portfolio/portfolio-website/components/StickyCTA.tsx": {"path":"/home/sathishkumar/Documents/Sk_Portfolio/portfolio-website/components/StickyCTA.tsx","statementMap":{"0":{"start":{"line":8,"column":24},"end":{"line":8,"column":null}},"1":{"start":{"line":3,"column":36},"end":{"line":3,"column":null}},"2":{"start":{"line":4,"column":40},"end":{"line":4,"column":null}},"3":{"start":{"line":5,"column":33},"end":{"line":5,"column":null}},"4":{"start":{"line":6,"column":17},"end":{"line":6,"column":null}},"5":{"start":{"line":9,"column":36},"end":{"line":9,"column":null}},"6":{"start":{"line":10,"column":40},"end":{"line":10,"column":null}},"7":{"start":{"line":12,"column":2},"end":{"line":24,"column":null}},"8":{"start":{"line":13,"column":25},"end":{"line":20,"column":null}},"9":{"start":{"line":15,"column":6},"end":{"line":19,"column":null}},"10":{"start":{"line":16,"column":8},"end":{"line":16,"column":null}},"11":{"start":{"line":17,"column":13},"end":{"line":19,"column":null}},"12":{"start":{"line":18,"column":8},"end":{"line":18,"column":null}},"13":{"start":{"line":22,"column":4},"end":{"line":22,"column":null}},"14":{"start":{"line":23,"column":4},"end":{"line":23,"column":null}},"15":{"start":{"line":23,"column":17},"end":{"line":23,"column":null}},"16":{"start":{"line":26,"column":24},"end":{"line":29,"column":null}},"17":{"start":{"line":27,"column":4},"end":{"line":27,"column":null}},"18":{"start":{"line":28,"column":4},"end":{"line":28,"column":null}},"19":{"start":{"line":31,"column":22},"end":{"line":40,"column":null}},"20":{"start":{"line":33,"column":4},"end":{"line":39,"column":null}},"21":{"start":{"line":34,"column":7},"end":{"line":38,"column":null}}},"fnMap":{"0":{"name":"StickyCTA","decl":{"start":{"line":8,"column":24},"end":{"line":8,"column":null}},"loc":{"start":{"line":8,"column":24},"end":{"line":102,"column":null}}},"1":{"name":"(anonymous_3)","decl":{"start":{"line":12,"column":12},"end":{"line":12,"column":null}},"loc":{"start":{"line":12,"column":12},"end":{"line":24,"column":5}}},"2":{"name":"(anonymous_4)","decl":{"start":{"line":13,"column":25},"end":{"line":13,"column":null}},"loc":{"start":{"line":13,"column":25},"end":{"line":20,"column":null}}},"3":{"name":"(anonymous_5)","decl":{"start":{"line":23,"column":11},"end":{"line":23,"column":17}},"loc":{"start":{"line":23,"column":17},"end":{"line":23,"column":null}}},"4":{"name":"(anonymous_6)","decl":{"start":{"line":26,"column":24},"end":{"line":26,"column":null}},"loc":{"start":{"line":26,"column":24},"end":{"line":29,"column":null}}},"5":{"name":"(anonymous_7)","decl":{"start":{"line":31,"column":22},"end":{"line":31,"column":null}},"loc":{"start":{"line":31,"column":22},"end":{"line":40,"column":null}}}},"branchMap":{"0":{"loc":{"start":{"line":15,"column":6},"end":{"line":19,"column":null}},"type":"if","locations":[{"start":{"line":15,"column":6},"end":{"line":19,"column":null}},{"start":{"line":17,"column":13},"end":{"line":19,"column":null}}]},"1":{"loc":{"start":{"line":15,"column":10},"end":{"line":15,"column":48}},"type":"binary-expr","locations":[{"start":{"line":15,"column":10},"end":{"line":15,"column":34}},{"start":{"line":15,"column":34},"end":{"line":15,"column":48}}]},"2":{"loc":{"start":{"line":17,"column":13},"end":{"line":19,"column":null}},"type":"if","locations":[{"start":{"line":17,"column":13},"end":{"line":19,"column":null}}]},"3":{"loc":{"start":{"line":33,"column":4},"end":{"line":39,"column":null}},"type":"if","locations":[{"start":{"line":33,"column":4},"end":{"line":39,"column":null}}]},"4":{"loc":{"start":{"line":33,"column":8},"end":{"line":33,"column":61}},"type":"binary-expr","locations":[{"start":{"line":33,"column":8},"end":{"line":33,"column":41}},{"start":{"line":33,"column":41},"end":{"line":33,"column":61}}]},"5":{"loc":{"start":{"line":44,"column":7},"end":{"line":44,"column":null}},"type":"binary-expr","locations":[{"start":{"line":44,"column":7},"end":{"line":44,"column":null}}]}},"s":{"0":0,"1":0,"2":0,"3":0,"4":0,"5":0,"6":0,"7":0,"8":0,"9":0,"10":0,"11":0,"12":0,"13":0,"14":0,"15":0,"16":0,"17":0,"18":0,"19":0,"20":0,"21":0},"f":{"0":0,"1":0,"2":0,"3":0,"4":0,"5":0},"b":{"0":[0,0],"1":[0,0],"2":[0],"3":[0],"4":[0,0],"5":[0]}}
,"/home/sathishkumar/Documents/Sk_Portfolio/portfolio-website/components/3d/FloatingBox.tsx": {"path":"/home/sathishkumar/Documents/Sk_Portfolio/portfolio-website/components/3d/FloatingBox.tsx","statementMap":{"0":{"start":{"line":35,"column":0},"end":{"line":35,"column":15}},"1":{"start":{"line":3,"column":23},"end":{"line":3,"column":null}},"2":{"start":{"line":4,"column":25},"end":{"line":4,"column":null}},"3":{"start":{"line":11,"column":20},"end":{"line":33,"column":null}},"4":{"start":{"line":12,"column":18},"end":{"line":12,"column":null}},"5":{"start":{"line":14,"column":2},"end":{"line":20,"column":null}},"6":{"start":{"line":15,"column":4},"end":{"line":19,"column":null}},"7":{"start":{"line":16,"column":6},"end":{"line":16,"column":null}},"8":{"start":{"line":17,"column":6},"end":{"line":17,"column":null}},"9":{"start":{"line":18,"column":6},"end":{"line":18,"column":null}},"10":{"start":{"line":35,"column":15},"end":{"line":35,"column":null}}},"fnMap":{"0":{"name":"(anonymous_1)","decl":{"start":{"line":11,"column":20},"end":{"line":11,"column":21}},"loc":{"start":{"line":11,"column":51},"end":{"line":33,"column":null}}},"1":{"name":"(anonymous_2)","decl":{"start":{"line":14,"column":11},"end":{"line":14,"column":12}},"loc":{"start":{"line":14,"column":12},"end":{"line":20,"column":null}}}},"branchMap":{"0":{"loc":{"start":{"line":15,"column":4},"end":{"line":19,"column":null}},"type":"if","locations":[{"start":{"line":15,"column":4},"end":{"line":19,"column":null}}]}},"s":{"0":0,"1":0,"2":0,"3":0,"4":0,"5":0,"6":0,"7":0,"8":0,"9":0,"10":0},"f":{"0":0,"1":0},"b":{"0":[0]}}
,"/home/sathishkumar/Documents/Sk_Portfolio/portfolio-website/components/3d/FloatingMobile.tsx": {"path":"/home/sathishkumar/Documents/Sk_Portfolio/portfolio-website/components/3d/FloatingMobile.tsx","statementMap":{"0":{"start":{"line":54,"column":0},"end":{"line":54,"column":15}},"1":{"start":{"line":3,"column":23},"end":{"line":3,"column":null}},"2":{"start":{"line":4,"column":25},"end":{"line":4,"column":null}},"3":{"start":{"line":11,"column":23},"end":{"line":52,"column":null}},"4":{"start":{"line":12,"column":19},"end":{"line":12,"column":null}},"5":{"start":{"line":14,"column":2},"end":{"line":19,"column":null}},"6":{"start":{"line":15,"column":4},"end":{"line":18,"column":null}},"7":{"start":{"line":16,"column":6},"end":{"line":16,"column":null}},"8":{"start":{"line":17,"column":6},"end":{"line":17,"column":null}},"9":{"start":{"line":54,"column":15},"end":{"line":54,"column":null}}},"fnMap":{"0":{"name":"(anonymous_1)","decl":{"start":{"line":11,"column":23},"end":{"line":11,"column":24}},"loc":{"start":{"line":11,"column":57},"end":{"line":52,"column":null}}},"1":{"name":"(anonymous_2)","decl":{"start":{"line":14,"column":11},"end":{"line":14,"column":12}},"loc":{"start":{"line":14,"column":12},"end":{"line":19,"column":null}}}},"branchMap":{"0":{"loc":{"start":{"line":15,"column":4},"end":{"line":18,"column":null}},"type":"if","locations":[{"start":{"line":15,"column":4},"end":{"line":18,"column":null}}]}},"s":{"0":0,"1":0,"2":0,"3":0,"4":0,"5":0,"6":0,"7":0,"8":0,"9":0},"f":{"0":0,"1":0},"b":{"0":[0]}}
,"/home/sathishkumar/Documents/Sk_Portfolio/portfolio-website/components/3d/FloatingTV.tsx": {"path":"/home/sathishkumar/Documents/Sk_Portfolio/portfolio-website/components/3d/FloatingTV.tsx","statementMap":{"0":{"start":{"line":58,"column":0},"end":{"line":58,"column":15}},"1":{"start":{"line":3,"column":23},"end":{"line":3,"column":null}},"2":{"start":{"line":4,"column":25},"end":{"line":4,"column":null}},"3":{"start":{"line":11,"column":19},"end":{"line":56,"column":null}},"4":{"start":{"line":12,"column":19},"end":{"line":12,"column":null}},"5":{"start":{"line":14,"column":2},"end":{"line":19,"column":null}},"6":{"start":{"line":15,"column":4},"end":{"line":18,"column":null}},"7":{"start":{"line":16,"column":6},"end":{"line":16,"column":null}},"8":{"start":{"line":17,"column":6},"end":{"line":17,"column":null}},"9":{"start":{"line":58,"column":15},"end":{"line":58,"column":null}}},"fnMap":{"0":{"name":"(anonymous_1)","decl":{"start":{"line":11,"column":19},"end":{"line":11,"column":20}},"loc":{"start":{"line":11,"column":49},"end":{"line":56,"column":null}}},"1":{"name":"(anonymous_2)","decl":{"start":{"line":14,"column":11},"end":{"line":14,"column":12}},"loc":{"start":{"line":14,"column":12},"end":{"line":19,"column":null}}}},"branchMap":{"0":{"loc":{"start":{"line":15,"column":4},"end":{"line":18,"column":null}},"type":"if","locations":[{"start":{"line":15,"column":4},"end":{"line":18,"column":null}}]}},"s":{"0":0,"1":0,"2":0,"3":0,"4":0,"5":0,"6":0,"7":0,"8":0,"9":0},"f":{"0":0,"1":0},"b":{"0":[0]}}
,"/home/sathishkumar/Documents/Sk_Portfolio/portfolio-website/components/3d/Scene.tsx": {"path":"/home/sathishkumar/Documents/Sk_Portfolio/portfolio-website/components/3d/Scene.tsx","statementMap":{"0":{"start":{"line":37,"column":0},"end":{"line":37,"column":15}},"1":{"start":{"line":3,"column":23},"end":{"line":3,"column":null}},"2":{"start":{"line":4,"column":56},"end":{"line":4,"column":null}},"3":{"start":{"line":5,"column":25},"end":{"line":5,"column":null}},"4":{"start":{"line":6,"column":24},"end":{"line":6,"column":null}},"5":{"start":{"line":7,"column":23},"end":{"line":7,"column":null}},"6":{"start":{"line":9,"column":14},"end":{"line":35,"column":null}},"7":{"start":{"line":37,"column":15},"end":{"line":37,"column":null}}},"fnMap":{"0":{"name":"(anonymous_2)","decl":{"start":{"line":9,"column":14},"end":{"line":9,"column":null}},"loc":{"start":{"line":9,"column":14},"end":{"line":35,"column":null}}}},"branchMap":{},"s":{"0":0,"1":0,"2":0,"3":0,"4":0,"5":0,"6":0,"7":0},"f":{"0":0},"b":{}}
,"/home/sathishkumar/Documents/Sk_Portfolio/portfolio-website/components/sections/About.tsx": {"path":"/home/sathishkumar/Documents/Sk_Portfolio/portfolio-website/components/sections/About.tsx","statementMap":{"0":{"start":{"line":87,"column":0},"end":{"line":87,"column":15}},"1":{"start":{"line":3,"column":21},"end":{"line":3,"column":null}},"2":{"start":{"line":4,"column":23},"end":{"line":4,"column":null}},"3":{"start":{"line":5,"column":48},"end":{"line":5,"column":null}},"4":{"start":{"line":7,"column":14},"end":{"line":83,"column":null}},"5":{"start":{"line":9,"column":21},"end":{"line":14,"column":null}},"6":{"start":{"line":52,"column":18},"end":{"line":53,"column":null}},"7":{"start":{"line":85,"column":0},"end":{"line":85,"column":null}},"8":{"start":{"line":87,"column":15},"end":{"line":87,"column":null}}},"fnMap":{"0":{"name":"(anonymous_1)","decl":{"start":{"line":7,"column":19},"end":{"line":7,"column":null}},"loc":{"start":{"line":7,"column":19},"end":{"line":83,"column":null}}},"1":{"name":"(anonymous_2)","decl":{"start":{"line":51,"column":32},"end":{"line":51,"column":33}},"loc":{"start":{"line":52,"column":18},"end":{"line":53,"column":null}}}},"branchMap":{},"s":{"0":0,"1":0,"2":0,"3":0,"4":0,"5":0,"6":0,"7":0,"8":0},"f":{"0":0,"1":0},"b":{}}
,"/home/sathishkumar/Documents/Sk_Portfolio/portfolio-website/components/sections/Achievements.tsx": {"path":"/home/sathishkumar/Documents/Sk_Portfolio/portfolio-website/components/sections/Achievements.tsx","statementMap":{"0":{"start":{"line":81,"column":0},"end":{"line":81,"column":15}},"1":{"start":{"line":3,"column":21},"end":{"line":3,"column":null}},"2":{"start":{"line":4,"column":23},"end":{"line":4,"column":null}},"3":{"start":{"line":5,"column":54},"end":{"line":5,"column":null}},"4":{"start":{"line":6,"column":48},"end":{"line":6,"column":null}},"5":{"start":{"line":8,"column":21},"end":{"line":77,"column":null}},"6":{"start":{"line":9,"column":23},"end":{"line":30,"column":null}},"7":{"start":{"line":52,"column":27},"end":{"line":52,"column":43}},"8":{"start":{"line":53,"column":14},"end":{"line":55,"column":null}},"9":{"start":{"line":79,"column":0},"end":{"line":79,"column":null}},"10":{"start":{"line":81,"column":15},"end":{"line":81,"column":null}}},"fnMap":{"0":{"name":"(anonymous_1)","decl":{"start":{"line":8,"column":26},"end":{"line":8,"column":null}},"loc":{"start":{"line":8,"column":26},"end":{"line":77,"column":null}}},"1":{"name":"(anonymous_2)","decl":{"start":{"line":51,"column":30},"end":{"line":51,"column":31}},"loc":{"start":{"line":51,"column":44},"end":{"line":71,"column":null}}}},"branchMap":{},"s":{"0":0,"1":0,"2":0,"3":0,"4":0,"5":0,"6":0,"7":0,"8":0,"9":0,"10":0},"f":{"0":0,"1":0},"b":{}}
,"/home/sathishkumar/Documents/Sk_Portfolio/portfolio-website/components/sections/Blog.tsx": {"path":"/home/sathishkumar/Documents/Sk_Portfolio/portfolio-website/components/sections/Blog.tsx","statementMap":{"0":{"start":{"line":133,"column":0},"end":{"line":133,"column":15}},"1":{"start":{"line":3,"column":52},"end":{"line":3,"column":null}},"2":{"start":{"line":4,"column":21},"end":{"line":4,"column":null}},"3":{"start":{"line":5,"column":65},"end":{"line":5,"column":null}},"4":{"start":{"line":6,"column":25},"end":{"line":6,"column":null}},"5":{"start":{"line":8,"column":13},"end":{"line":129,"column":null}},"6":{"start":{"line":9,"column":50},"end":{"line":9,"column":null}},"7":{"start":{"line":10,"column":24},"end":{"line":10,"column":null}},"8":{"start":{"line":11,"column":19},"end":{"line":11,"column":null}},"9":{"start":{"line":12,"column":21},"end":{"line":12,"column":null}},"10":{"start":{"line":13,"column":27},"end":{"line":13,"column":null}},"11":{"start":{"line":15,"column":31},"end":{"line":28,"column":null}},"12":{"start":{"line":16,"column":4},"end":{"line":16,"column":null}},"13":{"start":{"line":19,"column":4},"end":{"line":27,"column":null}},"14":{"start":{"line":20,"column":6},"end":{"line":26,"column":null}},"15":{"start":{"line":21,"column":24},"end":{"line":21,"column":30}},"16":{"start":{"line":22,"column":24},"end":{"line":22,"column":48}},"17":{"start":{"line":23,"column":18},"end":{"line":23,"column":null}},"18":{"start":{"line":25,"column":8},"end":{"line":25,"column":null}},"19":{"start":{"line":30,"column":24},"end":{"line":32,"column":null}},"20":{"start":{"line":31,"column":30},"end":{"line":31,"column":null}},"21":{"start":{"line":54,"column":16},"end":{"line":54,"column":null}},"22":{"start":{"line":70,"column":29},"end":{"line":70,"column":null}},"23":{"start":{"line":80,"column":14},"end":{"line":81,"column":null}},"24":{"start":{"line":82,"column":31},"end":{"line":82,"column":null}},"25":{"start":{"line":104,"column":16},"end":{"line":104,"column":65}},"26":{"start":{"line":131,"column":0},"end":{"line":131,"column":null}},"27":{"start":{"line":133,"column":15},"end":{"line":133,"column":null}}},"fnMap":{"0":{"name":"(anonymous_2)","decl":{"start":{"line":8,"column":18},"end":{"line":8,"column":null}},"loc":{"start":{"line":8,"column":18},"end":{"line":129,"column":null}}},"1":{"name":"(anonymous_3)","decl":{"start":{"line":15,"column":43},"end":{"line":15,"column":44}},"loc":{"start":{"line":15,"column":44},"end":{"line":28,"column":5}}},"2":{"name":"(anonymous_4)","decl":{"start":{"line":19,"column":15},"end":{"line":19,"column":null}},"loc":{"start":{"line":19,"column":15},"end":{"line":27,"column":7}}},"3":{"name":"(anonymous_5)","decl":{"start":{"line":31,"column":22},"end":{"line":31,"column":30}},"loc":{"start":{"line":31,"column":30},"end":{"line":31,"column":null}}},"4":{"name":"(anonymous_6)","decl":{"start":{"line":53,"column":33},"end":{"line":53,"column":34}},"loc":{"start":{"line":54,"column":16},"end":{"line":54,"column":null}}},"5":{"name":"(anonymous_7)","decl":{"start":{"line":70,"column":23},"end":{"line":70,"column":29}},"loc":{"start":{"line":70,"column":29},"end":{"line":70,"column":null}}},"6":{"name":"(anonymous_8)","decl":{"start":{"line":79,"column":28},"end":{"line":79,"column":29}},"loc":{"start":{"line":80,"column":14},"end":{"line":81,"column":null}}},"7":{"name":"(anonymous_9)","decl":{"start":{"line":82,"column":25},"end":{"line":82,"column":31}},"loc":{"start":{"line":82,"column":31},"end":{"line":82,"column":null}}},"8":{"name":"(anonymous_10)","decl":{"start":{"line":103,"column":33},"end":{"line":103,"column":34}},"loc":{"start":{"line":104,"column":16},"end":{"line":104,"column":65}}}},"branchMap":{"0":{"loc":{"start":{"line":20,"column":6},"end":{"line":26,"column":null}},"type":"if","locations":[{"start":{"line":20,"column":6},"end":{"line":26,"column":null}}]},"1":{"loc":{"start":{"line":30,"column":24},"end":{"line":32,"column":null}},"type":"cond-expr","locations":[{"start":{"line":31,"column":6},"end":{"line":31,"column":null}},{"start":{"line":32,"column":6},"end":{"line":32,"column":null}}]},"2":{"loc":{"start":{"line":49,"column":9},"end":{"line":49,"column":30}},"type":"binary-expr","locations":[{"start":{"line":49,"column":9},"end":{"line":49,"column":30}},{"start":{"line":49,"column":30},"end":{"line":49,"column":null}}]},"3":{"loc":{"start":{"line":72,"column":16},"end":{"line":74,"column":null}},"type":"cond-expr","locations":[{"start":{"line":73,"column":20},"end":{"line":73,"column":null}},{"start":{"line":74,"column":20},"end":{"line":74,"column":null}}]},"4":{"loc":{"start":{"line":84,"column":18},"end":{"line":86,"column":null}},"type":"cond-expr","locations":[{"start":{"line":85,"column":22},"end":{"line":85,"column":null}},{"start":{"line":86,"column":22},"end":{"line":86,"column":null}}]},"5":{"loc":{"start":{"line":98,"column":13},"end":{"line":98,"column":null}},"type":"cond-expr","locations":[{"start":{"line":98,"column":32},"end":{"line":98,"column":62}},{"start":{"line":98,"column":65},"end":{"line":98,"column":null}}]},"6":{"loc":{"start":{"line":102,"column":12},"end":{"line":108,"column":13}},"type":"cond-expr","locations":[{"start":{"line":102,"column":12},"end":{"line":108,"column":13}}]},"7":{"loc":{"start":{"line":96,"column":44},"end":{"line":96,"column":null}},"type":"binary-expr","locations":[{"start":{"line":96,"column":44},"end":{"line":96,"column":64}},{"start":{"line":96,"column":64},"end":{"line":96,"column":null}}]}},"s":{"0":0,"1":0,"2":0,"3":0,"4":0,"5":0,"6":0,"7":0,"8":0,"9":0,"10":0,"11":0,"12":0,"13":0,"14":0,"15":0,"16":0,"17":0,"18":0,"19":0,"20":0,"21":0,"22":0,"23":0,"24":0,"25":0,"26":0,"27":0},"f":{"0":0,"1":0,"2":0,"3":0,"4":0,"5":0,"6":0,"7":0,"8":0},"b":{"0":[0],"1":[0,0],"2":[0,0],"3":[0,0],"4":[0,0],"5":[0,0],"6":[0],"7":[0,0]}}
,"/home/sathishkumar/Documents/Sk_Portfolio/portfolio-website/components/sections/Certifications.tsx": {"path":"/home/sathishkumar/Documents/Sk_Portfolio/portfolio-website/components/sections/Certifications.tsx","statementMap":{"0":{"start":{"line":169,"column":0},"end":{"line":169,"column":15}},"1":{"start":{"line":3,"column":21},"end":{"line":3,"column":null}},"2":{"start":{"line":4,"column":23},"end":{"line":4,"column":null}},"3":{"start":{"line":5,"column":40},"end":{"line":5,"column":null}},"4":{"start":{"line":6,"column":48},"end":{"line":6,"column":null}},"5":{"start":{"line":8,"column":23},"end":{"line":165,"column":null}},"6":{"start":{"line":9,"column":25},"end":{"line":40,"column":null}},"7":{"start":{"line":62,"column":14},"end":{"line":63,"column":null}},"8":{"start":{"line":92,"column":22},"end":{"line":93,"column":null}},"9":{"start":{"line":167,"column":0},"end":{"line":167,"column":null}},"10":{"start":{"line":169,"column":15},"end":{"line":169,"column":null}}},"fnMap":{"0":{"name":"(anonymous_1)","decl":{"start":{"line":8,"column":28},"end":{"line":8,"column":null}},"loc":{"start":{"line":8,"column":28},"end":{"line":165,"column":null}}},"1":{"name":"(anonymous_2)","decl":{"start":{"line":61,"column":32},"end":{"line":61,"column":33}},"loc":{"start":{"line":62,"column":14},"end":{"line":63,"column":null}}},"2":{"name":"(anonymous_3)","decl":{"start":{"line":91,"column":37},"end":{"line":91,"column":38}},"loc":{"start":{"line":92,"column":22},"end":{"line":93,"column":null}}}},"branchMap":{"0":{"loc":{"start":{"line":103,"column":17},"end":{"line":103,"column":null}},"type":"binary-expr","locations":[{"start":{"line":103,"column":17},"end":{"line":103,"column":null}}]}},"s":{"0":0,"1":0,"2":0,"3":0,"4":0,"5":0,"6":0,"7":0,"8":0,"9":0,"10":0},"f":{"0":0,"1":0,"2":0},"b":{"0":[0]}}
,"/home/sathishkumar/Documents/Sk_Portfolio/portfolio-website/components/sections/Contact.tsx": {"path":"/home/sathishkumar/Documents/Sk_Portfolio/portfolio-website/components/sections/Contact.tsx","statementMap":{"0":{"start":{"line":325,"column":0},"end":{"line":325,"column":15}},"1":{"start":{"line":3,"column":31},"end":{"line":3,"column":null}},"2":{"start":{"line":4,"column":23},"end":{"line":4,"column":null}},"3":{"start":{"line":5,"column":42},"end":{"line":5,"column":null}},"4":{"start":{"line":6,"column":48},"end":{"line":6,"column":null}},"5":{"start":{"line":7,"column":34},"end":{"line":7,"column":null}},"6":{"start":{"line":9,"column":16},"end":{"line":321,"column":null}},"7":{"start":{"line":10,"column":34},"end":{"line":17,"column":null}},"8":{"start":{"line":18,"column":32},"end":{"line":18,"column":null}},"9":{"start":{"line":19,"column":30},"end":{"line":19,"column":null}},"10":{"start":{"line":20,"column":32},"end":{"line":20,"column":null}},"11":{"start":{"line":21,"column":30},"end":{"line":21,"column":null}},"12":{"start":{"line":23,"column":23},"end":{"line":29,"column":null}},"13":{"start":{"line":24,"column":28},"end":{"line":24,"column":36}},"14":{"start":{"line":25,"column":4},"end":{"line":28,"column":null}},"15":{"start":{"line":25,"column":27},"end":{"line":28,"column":null}},"16":{"start":{"line":31,"column":23},"end":{"line":79,"column":null}},"17":{"start":{"line":32,"column":4},"end":{"line":32,"column":null}},"18":{"start":{"line":33,"column":4},"end":{"line":33,"column":null}},"19":{"start":{"line":34,"column":4},"end":{"line":34,"column":null}},"20":{"start":{"line":35,"column":4},"end":{"line":35,"column":null}},"21":{"start":{"line":38,"column":23},"end":{"line":38,"column":null}},"22":{"start":{"line":40,"column":4},"end":{"line":49,"column":null}},"23":{"start":{"line":41,"column":50},"end":{"line":41,"column":null}},"24":{"start":{"line":42,"column":6},"end":{"line":45,"column":null}},"25":{"start":{"line":43,"column":21},"end":{"line":43,"column":34}},"26":{"start":{"line":44,"column":8},"end":{"line":44,"column":null}},"27":{"start":{"line":46,"column":6},"end":{"line":46,"column":null}},"28":{"start":{"line":47,"column":6},"end":{"line":47,"column":null}},"29":{"start":{"line":48,"column":6},"end":{"line":48,"column":null}},"30":{"start":{"line":51,"column":4},"end":{"line":78,"column":null}},"31":{"start":{"line":52,"column":23},"end":{"line":58,"column":null}},"32":{"start":{"line":60,"column":19},"end":{"line":60,"column":null}},"33":{"start":{"line":62,"column":6},"end":{"line":71,"column":null}},"34":{"start":{"line":63,"column":8},"end":{"line":63,"column":null}},"35":{"start":{"line":64,"column":8},"end":{"line":64,"column":null}},"36":{"start":{"line":65,"column":8},"end":{"line":65,"column":null}},"37":{"start":{"line":67,"column":8},"end":{"line":67,"column":null}},"38":{"start":{"line":67,"column":25},"end":{"line":67,"column":44}},"39":{"start":{"line":69,"column":8},"end":{"line":69,"column":null}},"40":{"start":{"line":70,"column":8},"end":{"line":70,"column":null}},"41":{"start":{"line":73,"column":6},"end":{"line":73,"column":null}},"42":{"start":{"line":74,"column":6},"end":{"line":74,"column":null}},"43":{"start":{"line":75,"column":6},"end":{"line":75,"column":null}},"44":{"start":{"line":77,"column":6},"end":{"line":77,"column":null}},"45":{"start":{"line":81,"column":22},"end":{"line":100,"column":null}},"46":{"start":{"line":126,"column":29},"end":{"line":126,"column":38}},"47":{"start":{"line":127,"column":16},"end":{"line":129,"column":null}},"48":{"start":{"line":323,"column":0},"end":{"line":323,"column":null}},"49":{"start":{"line":325,"column":15},"end":{"line":325,"column":null}}},"fnMap":{"0":{"name":"(anonymous_1)","decl":{"start":{"line":9,"column":21},"end":{"line":9,"column":null}},"loc":{"start":{"line":9,"column":21},"end":{"line":321,"column":null}}},"1":{"name":"(anonymous_2)","decl":{"start":{"line":23,"column":23},"end":{"line":23,"column":24}},"loc":{"start":{"line":23,"column":24},"end":{"line":29,"column":null}}},"2":{"name":"(anonymous_3)","decl":{"start":{"line":25,"column":16},"end":{"line":25,"column":17}},"loc":{"start":{"line":25,"column":27},"end":{"line":28,"column":null}}},"3":{"name":"(anonymous_4)","decl":{"start":{"line":31,"column":23},"end":{"line":31,"column":30}},"loc":{"start":{"line":31,"column":30},"end":{"line":79,"column":null}}},"4":{"name":"(anonymous_5)","decl":{"start":{"line":42,"column":38},"end":{"line":42,"column":39}},"loc":{"start":{"line":42,"column":39},"end":{"line":45,"column":null}}},"5":{"name":"(anonymous_6)","decl":{"start":{"line":67,"column":19},"end":{"line":67,"column":25}},"loc":{"start":{"line":67,"column":25},"end":{"line":67,"column":44}}},"6":{"name":"(anonymous_7)","decl":{"start":{"line":125,"column":31},"end":{"line":125,"column":32}},"loc":{"start":{"line":125,"column":38},"end":{"line":153,"column":null}}}},"branchMap":{"0":{"loc":{"start":{"line":40,"column":4},"end":{"line":49,"column":null}},"type":"if","locations":[{"start":{"line":40,"column":4},"end":{"line":49,"column":null}}]},"1":{"loc":{"start":{"line":62,"column":6},"end":{"line":71,"column":null}},"type":"if","locations":[{"start":{"line":62,"column":6},"end":{"line":71,"column":null}},{"start":{"line":68,"column":13},"end":{"line":71,"column":null}}]},"2":{"loc":{"start":{"line":70,"column":19},"end":{"line":70,"column":null}},"type":"binary-expr","locations":[{"start":{"line":70,"column":19},"end":{"line":70,"column":29}},{"start":{"line":70,"column":33},"end":{"line":70,"column":null}}]},"3":{"loc":{"start":{"line":140,"column":26},"end":{"line":147,"column":27}},"type":"cond-expr","locations":[{"start":{"line":140,"column":26},"end":{"line":147,"column":27}}]},"4":{"loc":{"start":{"line":176,"column":22},"end":{"line":176,"column":null}},"type":"cond-expr","locations":[{"start":{"line":176,"column":36},"end":{"line":176,"column":76}},{"start":{"line":176,"column":76},"end":{"line":176,"column":null}}]},"5":{"loc":{"start":{"line":180,"column":19},"end":{"line":180,"column":30}},"type":"binary-expr","locations":[{"start":{"line":180,"column":19},"end":{"line":180,"column":30}}]},"6":{"loc":{"start":{"line":196,"column":22},"end":{"line":196,"column":null}},"type":"cond-expr","locations":[{"start":{"line":196,"column":37},"end":{"line":196,"column":77}},{"start":{"line":196,"column":77},"end":{"line":196,"column":null}}]},"7":{"loc":{"start":{"line":200,"column":19},"end":{"line":200,"column":31}},"type":"binary-expr","locations":[{"start":{"line":200,"column":19},"end":{"line":200,"column":31}}]},"8":{"loc":{"start":{"line":215,"column":22},"end":{"line":215,"column":null}},"type":"cond-expr","locations":[{"start":{"line":215,"column":37},"end":{"line":215,"column":77}},{"start":{"line":215,"column":77},"end":{"line":215,"column":null}}]},"9":{"loc":{"start":{"line":219,"column":19},"end":{"line":219,"column":31}},"typ
[...]
451,"column":null}}},"7":{"name":"(anonymous_16)","decl":{"start":{"line":450,"column":24},"end":{"line":450,"column":32}},"loc":{"start":{"line":450,"column":32},"end":{"line":450,"column":null}}},"8":{"name":"getRelatedBlogs","decl":{"start":{"line":453,"column":16},"end":{"line":453,"column":32}},"loc":{"start":{"line":453,"column":61},"end":{"line":460,"column":null}}},"9":{"name":"(anonymous_18)","decl":{"start":{"line":458,"column":12},"end":{"line":458,"column":20}},"loc":{"start":{"line":458,"column":20},"end":{"line":458,"column":null}}},"10":{"name":"(anonymous_19)","decl":{"start":{"line":458,"column":53},"end":{"line":458,"column":60}},"loc":{"start":{"line":458,"column":60},"end":{"line":458,"column":null}}},"11":{"name":"getAllCategories","decl":{"start":{"line":462,"column":16},"end":{"line":462,"column":null}},"loc":{"start":{"line":462,"column":16},"end":{"line":464,"column":null}}},"12":{"name":"(anonymous_21)","decl":{"start":{"line":463,"column":42},"end":{"line":463,"column":50}},"loc":{"start":{"line":463,"column":50},"end":{"line":463,"column":63}}},"13":{"name":"getAllTags","decl":{"start":{"line":466,"column":16},"end":{"line":466,"column":null}},"loc":{"start":{"line":466,"column":16},"end":{"line":472,"column":null}}},"14":{"name":"(anonymous_23)","decl":{"start":{"line":468,"column":20},"end":{"line":468,"column":null}},"loc":{"start":{"line":468,"column":20},"end":{"line":470,"column":null}}},"15":{"name":"(anonymous_24)","decl":{"start":{"line":469,"column":22},"end":{"line":469,"column":29}},"loc":{"start":{"line":469,"column":29},"end":{"line":469,"column":null}}}},"branchMap":{"0":{"loc":{"start":{"line":436,"column":2},"end":{"line":436,"column":null}},"type":"if","locations":[{"start":{"line":436,"column":2},"end":{"line":436,"column":null}}]},"1":{"loc":{"start":{"line":437,"column":9},"end":{"line":437,"column":null}},"type":"cond-expr","locations":[{"start":{"line":437,"column":17},"end":{"line":437,"column":41}},{"start":{"line":437,"column":41},"end":{"line":437,"column":null}}]},"2":{"loc":{"start":{"line":453,"column":44},"end":{"line":453,"column":61}},"type":"default-arg","locations":[{"start":{"line":453,"column":60},"end":{"line":453,"column":61}}]},"3":{"loc":{"start":{"line":455,"column":2},"end":{"line":455,"column":null}},"type":"if","locations":[{"start":{"line":455,"column":2},"end":{"line":455,"column":null}}]},"4":{"loc":{"start":{"line":458,"column":20},"end":{"line":458,"column":null}},"type":"binary-expr","locations":[{"start":{"line":458,"column":20},"end":{"line":458,"column":38}},{"start":{"line":458,"column":38},"end":{"line":458,"column":null}}]}},"s":{"0":0,"1":3,"2":4,"3":4,"4":4,"5":9,"6":3,"7":5,"8":1,"9":9,"10":45,"11":9,"12":1,"13":8,"14":3,"15":18,"16":4,"17":24,"18":9,"19":19,"20":5,"21":5,"22":1,"23":4,"24":24,"25":48,"26":3,"27":18,"28":4,"29":4,"30":24,"31":96,"32":4},"f":{"0":9,"1":45,"2":3,"3":18,"4":4,"5":24,"6":9,"7":19,"8":5,"9":24,"10":48,"11":3,"12":18,"13":4,"14":24,"15":96},"b":{"0":[1],"1":[1,7],"2":[0],"3":[1],"4":[24,20]}}
,"/home/sathishkumar/Documents/Sk_Portfolio/portfolio-website/lib/db.ts": {"path":"/home/sathishkumar/Documents/Sk_Portfolio/portfolio-website/lib/db.ts","statementMap":{"0":{"start":{"line":15,"column":22},"end":{"line":15,"column":null}},"1":{"start":{"line":1,"column":21},"end":{"line":1,"column":null}},"2":{"start":{"line":3,"column":20},"end":{"line":3,"column":43}},"3":{"start":{"line":5,"column":0},"end":{"line":7,"column":null}},"4":{"start":{"line":6,"column":2},"end":{"line":6,"column":null}},"5":{"start":{"line":9,"column":13},"end":{"line":9,"column":28}},"6":{"start":{"line":11,"column":0},"end":{"line":13,"column":null}},"7":{"start":{"line":12,"column":2},"end":{"line":12,"column":null}},"8":{"start":{"line":16,"column":2},"end":{"line":18,"column":null}},"9":{"start":{"line":17,"column":4},"end":{"line":17,"column":null}},"10":{"start":{"line":20,"column":2},"end":{"line":30,"column":null}},"11":{"start":{"line":21,"column":17},"end":{"line":23,"column":null}},"12":{"start":{"line":25,"column":4},"end":{"line":29,"column":null}},"13":{"start":{"line":28,"column":8},"end":{"line":28,"column":null}},"14":{"start":{"line":32,"column":2},"end":{"line":37,"column":null}},"15":{"start":{"line":33,"column":4},"end":{"line":33,"column":null}},"16":{"start":{"line":35,"column":4},"end":{"line":35,"column":null}},"17":{"start":{"line":36,"column":4},"end":{"line":36,"column":null}},"18":{"start":{"line":39,"column":2},"end":{"line":39,"column":null}}},"fnMap":{"0":{"name":"connectDB","decl":{"start":{"line":15,"column":22},"end":{"line":15,"column":null}},"loc":{"start":{"line":15,"column":22},"end":{"line":40,"column":null}}},"1":{"name":"(anonymous_3)","decl":{"start":{"line":27,"column":12},"end":{"line":27,"column":13}},"loc":{"start":{"line":27,"column":13},"end":{"line":29,"column":null}}}},"branchMap":{"0":{"loc":{"start":{"line":5,"column":0},"end":{"line":7,"column":null}},"type":"if","locations":[{"start":{"line":5,"column":0},"end":{"line":7,"column":null}}]},"1":{"loc":{"start":{"line":11,"column":0},"end":{"line":13,"column":null}},"type":"if","locations":[{"start":{"line":11,"column":0},"end":{"line":13,"column":null}}]},"2":{"loc":{"start":{"line":16,"column":2},"end":{"line":18,"column":null}},"type":"if","locations":[{"start":{"line":16,"column":2},"end":{"line":18,"column":null}}]},"3":{"loc":{"start":{"line":20,"column":2},"end":{"line":30,"column":null}},"type":"if","locations":[{"start":{"line":20,"column":2},"end":{"line":30,"column":null}}]}},"s":{"0":0,"1":0,"2":0,"3":0,"4":0,"5":0,"6":0,"7":0,"8":0,"9":0,"10":0,"11":0,"12":0,"13":0,"14":0,"15":0,"16":0,"17":0,"18":0},"f":{"0":0,"1":0},"b":{"0":[0],"1":[0],"2":[0],"3":[0]}}
,"/home/sathishkumar/Documents/Sk_Portfolio/portfolio-website/lib/email.ts": {"path":"/home/sathishkumar/Documents/Sk_Portfolio/portfolio-website/lib/email.ts","statementMap":{"0":{"start":{"line":102,"column":22},"end":{"line":102,"column":null}},"1":{"start":{"line":70,"column":22},"end":{"line":70,"column":null}},"2":{"start":{"line":44,"column":22},"end":{"line":44,"column":null}},"3":{"start":{"line":1,"column":40},"end":{"line":1,"column":null}},"4":{"start":{"line":3,"column":38},"end":{"line":3,"column":null}},"5":{"start":{"line":4,"column":61},"end":{"line":4,"column":null}},"6":{"start":{"line":8,"column":2},"end":{"line":8,"column":null}},"7":{"start":{"line":8,"column":19},"end":{"line":8,"column":null}},"8":{"start":{"line":11,"column":2},"end":{"line":11,"column":null}},"9":{"start":{"line":11,"column":26},"end":{"line":11,"column":null}},"10":{"start":{"line":13,"column":2},"end":{"line":16,"column":null}},"11":{"start":{"line":14,"column":4},"end":{"line":14,"column":null}},"12":{"start":{"line":15,"column":4},"end":{"line":15,"column":null}},"13":{"start":{"line":19,"column":2},"end":{"line":36,"column":null}},"14":{"start":{"line":39,"column":2},"end":{"line":39,"column":null}},"15":{"start":{"line":40,"column":2},"end":{"line":40,"column":null}},"16":{"start":{"line":41,"column":2},"end":{"line":41,"column":null}},"17":{"start":{"line":49,"column":22},"end":{"line":49,"column":null}},"18":{"start":{"line":51,"column":2},"end":{"line":54,"column":null}},"19":{"start":{"line":52,"column":4},"end":{"line":52,"column":null}},"20":{"start":{"line":53,"column":4},"end":{"line":53,"column":null}},"21":{"start":{"line":56,"column":2},"end":{"line":67,"column":null}},"22":{"start":{"line":57,"column":4},"end":{"line":62,"column":null}},"23":{"start":{"line":63,"column":4},"end":{"line":63,"column":null}},"24":{"start":{"line":65,"column":4},"end":{"line":65,"column":null}},"25":{"start":{"line":66,"column":4},"end":{"line":66,"column":null}},"26":{"start":{"line":74,"column":22},"end":{"line":74,"column":null}},"27":{"start":{"line":76,"column":2},"end":{"line":79,"column":null}},"28":{"start":{"line":77,"column":4},"end":{"line":77,"column":null}},"29":{"start":{"line":78,"column":4},"end":{"line":78,"column":null}},"30":{"start":{"line":81,"column":15},"end":{"line":93,"column":3}},"31":{"start":{"line":95,"column":2},"end":{"line":99,"column":null}},"32":{"start":{"line":96,"column":4},"end":{"line":96,"column":null}},"33":{"start":{"line":98,"column":4},"end":{"line":98,"column":null}},"34":{"start":{"line":110,"column":22},"end":{"line":110,"column":null}},"35":{"start":{"line":112,"column":2},"end":{"line":115,"column":null}},"36":{"start":{"line":113,"column":4},"end":{"line":113,"column":null}},"37":{"start":{"line":114,"column":4},"end":{"line":114,"column":null}},"38":{"start":{"line":117,"column":15},"end":{"line":130,"column":3}},"39":{"start":{"line":132,"column":2},"end":{"line":140,"column":null}},"40":{"start":{"line":133,"column":4},"end":{"line":136,"column":null}},"41":{"start":{"line":139,"column":4},"end":{"line":139,"column":null}}},"fnMap":{"0":{"name":"getTransporter","decl":{"start":{"line":6,"column":15},"end":{"line":6,"column":null}},"loc":{"start":{"line":6,"column":15},"end":{"line":42,"column":null}}},"1":{"name":"sendEmail","decl":{"start":{"line":44,"column":22},"end":{"line":44,"column":null}},"loc":{"start":{"line":47,"column":14},"end":{"line":68,"column":null}}},"2":{"name":"sendContactConfirmation","decl":{"start":{"line":70,"column":22},"end":{"line":70,"column":null}},"loc":{"start":{"line":72,"column":14},"end":{"line":100,"column":null}}},"3":{"name":"sendAdminNotification","decl":{"start":{"line":102,"column":22},"end":{"line":102,"column":null}},"loc":{"start":{"line":108,"column":17},"end":{"line":141,"column":null}}}},"branchMap":{"0":{"loc":{"start":{"line":8,"column":2},"end":{"line":8,"column":null}},"type":"if","locations":[{"start":{"line":8,"column":2},"end":{"line":8,"column":null}}]},"1":{"loc":{"start":{"line":11,"column":2},"end":{"line":11,"column":null}},"type":"if","locations":[{"start":{"line":11,"column":2},"end":{"line":11,"column":null}}]},"2":{"loc":{"start":{"line":13,"column":2},"end":{"line":16,"column":null}},"type":"if","locations":[{"start":{"line":13,"column":2},"end":{"line":16,"column":null}}]},"3":{"loc":{"start":{"line":13,"column":6},"end":{"line":13,"column":80}},"type":"binary-expr","locations":[{"start":{"line":13,"column":6},"end":{"line":13,"column":28}},{"start":{"line":13,"column":32},"end":{"line":13,"column":54}},{"start":{"line":13,"column":58},"end":{"line":13,"column":80}}]},"4":{"loc":{"start":{"line":22,"column":21},"end":{"line":22,"column":null}},"type":"binary-expr","locations":[{"start":{"line":22,"column":21},"end":{"line":22,"column":42}},{"start":{"line":22,"column":46},"end":{"line":22,"column":null}}]},"5":{"loc":{"start":{"line":51,"column":2},"end":{"line":54,"column":null}},"type":"if","locations":[{"start":{"line":51,"column":2},"end":{"line":54,"column":null}}]},"6":{"loc":{"start":{"line":58,"column":12},"end":{"line":58,"column":58}},"type":"binary-expr","locations":[{"start":{"line":58,"column":12},"end":{"line":58,"column":33}},{"start":{"line":58,"column":37},"end":{"line":58,"column":58}}]},"7":{"loc":{"start":{"line":76,"column":2},"end":{"line":79,"column":null}},"type":"if","locations":[{"start":{"line":76,"column":2},"end":{"line":79,"column":null}}]},"8":{"loc":{"start":{"line":112,"column":2},"end":{"line":115,"column":null}},"type":"if","locations":[{"start":{"line":112,"column":2},"end":{"line":115,"column":null}}]},"9":{"loc":{"start":{"line":122,"column":8},"end":{"line":122,"column":84}},"type":"cond-expr","locations":[{"start":{"line":122,"column":16},"end":{"line":122,"column":78}},{"start":{"line":122,"column":81},"end":{"line":122,"column":84}}]},"10":{"loc":{"start":{"line":134,"column":6},"end":{"line":134,"column":null}},"type":"binary-expr","locations":[{"start":{"line":134,"column":6},"end":{"line":134,"column":27}},{"start":{"line":134,"column":31},"end":{"line":134,"column":null}}]}},"s":{"0":0,"1":0,"2":0,"3":0,"4":0,"5":0,"6":0,"7":0,"8":0,"9":0,"10":0,"11":0,"12":0,"13":0,"14":0,"15":0,"16":0,"17":0,"18":0,"19":0,"20":0,"21":0,"22":0,"23":0,"24":0,"25":0,"26":0,"27":0,"28":0,"29":0,"30":0,"31":0,"32":0,"33":0,"34":0,"35":0,"36":0,"37":0,"38":0,"39":0,"40":0,"41":0},"f":{"0":0,"1":0,"2":0,"3":0},"b":{"0":[0],"1":[0],"2":[0],"3":[0,0,0],"4":[0,0],"5":[0],"6":[0,0],"7":[0],"8":[0],"9":[0,0],"10":[0,0]}}
,"/home/sathishkumar/Documents/Sk_Portfolio/portfolio-website/lib/rateLimit.ts": {"path":"/home/sathishkumar/Documents/Sk_Portfolio/portfolio-website/lib/rateLimit.ts","statementMap":{"0":{"start":{"line":52,"column":16},"end":{"line":52,"column":28}},"1":{"start":{"line":31,"column":16},"end":{"line":31,"column":26}},"2":{"start":{"line":1,"column":40},"end":{"line":1,"column":null}},"3":{"start":{"line":2,"column":25},"end":{"line":2,"column":34}},"4":{"start":{"line":12,"column":14},"end":{"line":12,"column":null}},"5":{"start":{"line":13,"column":17},"end":{"line":13,"column":38}},"6":{"start":{"line":15,"column":2},"end":{"line":22,"column":null}},"7":{"start":{"line":16,"column":24},"end":{"line":16,"column":null}},"8":{"start":{"line":16,"column":47},"end":{"line":16,"column":null}},"9":{"start":{"line":17,"column":4},"end":{"line":21,"column":null}},"10":{"start":{"line":18,"column":6},"end":{"line":18,"column":null}},"11":{"start":{"line":20,"column":6},"end":{"line":20,"column":null}},"12":{"start":{"line":26,"column":0},"end":{"line":29,"column":null}},"13":{"start":{"line":27,"column":3},"end":{"line":27,"column":null}},"14":{"start":{"line":28,"column":2},"end":{"line":28,"column":null}},"15":{"start":{"line":32,"column":14},"end":{"line":32,"column":null}},"16":{"start":{"line":33,"column":22},"end":{"line":33,"column":null}},"17":{"start":{"line":35,"column":2},"end":{"line":37,"column":null}},"18":{"start":{"line":36,"column":4},"end":{"line":36,"column":null}},"19":{"start":{"line":39,"column":21},"end":{"line":39,"column":null}},"20":{"start":{"line":40,"column":25},"end":{"line":40,"column":null}},"21":{"start":{"line":40,"column":53},"end":{"line":40,"column":null}},"22":{"start":{"line":42,"column":2},"end":{"line":44,"column":null}},"23":{"start":{"line":43,"column":4},"end":{"line":43,"column":null}},"24":{"start":{"line":46,"column":2},"end":{"line":46,"column":null}},"25":{"start":{"line":47,"column":2},"end":{"line":47,"column":null}},"26":{"start":{"line":49,"column":2},"end":{"line":49,"column":null}},"27":{"start":{"line":53,"column":20},"end":{"line":53,"column":null}},"28":{"start":{"line":54,"column":2},"end":{"line":54,"column":null}}},"fnMap":{"0":{"name":"cleanupOldEntries","decl":{"start":{"line":11,"column":9},"end":{"line":11,"column":null}},"loc":{"start":{"line":11,"column":9},"end":{"line":23,"column":null}}},"1":{"name":"(anonymous_4)","decl":{"start":{"line":16,"column":37},"end":{"line":16,"column":38}},"loc":{"start":{"line":16,"column":47},"end":{"line":16,"column":null}}},"2":{"name":"rateLimit","decl":{"start":{"line":31,"column":16},"end":{"line":31,"column":26}},"loc":{"start":{"line":31,"column":88},"end":{"line":50,"column":null}}},"3":{"name":"(anonymous_6)","decl":{"start":{"line":40,"column":43},"end":{"line":40,"column":44}},"loc":{"start":{"line":40,"column":53},"end":{"line":40,"column":null}}},"4":{"name":"getClientIP","decl":{"start":{"line":52,"column":16},"end":{"line":52,"column":28}},"loc":{"start":{"line":52,"column":44},"end":{"line":55,"column":null}}}},"branchMap":{"0":{"loc":{"start":{"line":17,"column":4},"end":{"line":21,"column":null}},"type":"if","locations":[{"start":{"line":17,"column":4},"end":{"line":21,"column":null}},{"start":{"line":19,"column":11},"end":{"line":21,"column":null}}]},"1":{"loc":{"start":{"line":26,"column":0},"end":{"line":29,"column":null}},"type":"if","locations":[{"start":{"line":26,"column":0},"end":{"line":29,"column":null}}]},"2":{"loc":{"start":{"line":26,"column":4},"end":{"line":26,"column":145}},"type":"binary-expr","locations":[{"start":{"line":26,"column":4},"end":{"line":26,"column":41}},{"start":{"line":26,"column":41},"end":{"line":26,"column":145}}]},"3":{"loc":{"start":{"line":31,"column":38},"end":{"line":31,"column":63}},"type":"default-arg","locations":[{"start":{"line":31,"column":57},"end":{"line":31,"column":63}}]},"4":{"loc":{"start":{"line":31,"column":65},"end":{"line":31,"column":88}},"type":"default-arg","locations":[{"start":{"line":31,"column":87},"end":{"line":31,"column":88}}]},"5":{"loc":{"start":{"line":35,"column":2},"end":{"line":37,"column":null}},"type":"if","locations":[{"start":{"line":35,"column":2},"end":{"line":37,"column":null}}]},"6":{"loc":{"start":{"line":42,"column":2},"end":{"line":44,"column":null}},"type":"if","locations":[{"start":{"line":42,"column":2},"end":{"line":44,"column":null}}]},"7":{"loc":{"start":{"line":54,"column":9},"end":{"line":54,"column":null}},"type":"cond-expr","locations":[{"start":{"line":54,"column":21},"end":{"line":54,"column":54}},{"start":{"line":54,"column":54},"end":{"line":54,"column":null}}]}},"s":{"0":0,"1":0,"2":0,"3":0,"4":0,"5":0,"6":0,"7":0,"8":0,"9":0,"10":0,"11":0,"12":0,"13":0,"14":0,"15":0,"16":0,"17":0,"18":0,"19":0,"20":0,"21":0,"22":0,"23":0,"24":0,"25":0,"26":0,"27":0,"28":0},"f":{"0":0,"1":0,"2":0,"3":0,"4":0},"b":{"0":[0,0],"1":[0],"2":[0,0],"3":[0],"4":[0],"5":[0],"6":[0],"7":[0,0]}}
,"/home/sathishkumar/Documents/Sk_Portfolio/portfolio-website/lib/validation.ts": {"path":"/home/sathishkumar/Documents/Sk_Portfolio/portfolio-website/lib/validation.ts","statementMap":{"0":{"start":{"line":19,"column":13},"end":{"line":19,"column":30}},"1":{"start":{"line":4,"column":13},"end":{"line":4,"column":33}},"2":{"start":{"line":36,"column":16},"end":{"line":36,"column":36}},"3":{"start":{"line":1,"column":18},"end":{"line":1,"column":null}},"4":{"start":{"line":4,"column":33},"end":{"line":14,"column":null}},"5":{"start":{"line":8,"column":13},"end":{"line":8,"column":null}},"6":{"start":{"line":19,"column":30},"end":{"line":31,"column":null}},"7":{"start":{"line":37,"column":2},"end":{"line":44,"column":null}},"8":{"start":{"line":38,"column":4},"end":{"line":38,"column":null}},"9":{"start":{"line":40,"column":4},"end":{"line":42,"column":null}},"10":{"start":{"line":41,"column":6},"end":{"line":41,"column":null}},"11":{"start":{"line":43,"column":4},"end":{"line":43,"column":null}}},"fnMap":{"0":{"name":"(anonymous_4)","decl":{"start":{"line":8,"column":4},"end":{"line":8,"column":5}},"loc":{"start":{"line":8,"column":13},"end":{"line":8,"column":null}}},"1":{"name":"validateContactForm","decl":{"start":{"line":36,"column":16},"end":{"line":36,"column":36}},"loc":{"start":{"line":36,"column":49},"end":{"line":45,"column":null}}}},"branchMap":{"0":{"loc":{"start":{"line":8,"column":13},"end":{"line":8,"column":null}},"type":"binary-expr","locations":[{"start":{"line":8,"column":13},"end":{"line":8,"column":21}},{"start":{"line":8,"column":21},"end":{"line":8,"column":null}}]},"1":{"loc":{"start":{"line":40,"column":4},"end":{"line":42,"column":null}},"type":"if","locations":[{"start":{"line":40,"column":4},"end":{"line":42,"column":null}}]}},"s":{"0":0,"1":0,"2":0,"3":0,"4":0,"5":0,"6":0,"7":0,"8":0,"9":0,"10":0,"11":0},"f":{"0":0,"1":0},"b":{"0":[0,0],"1":[0]}}
,"/home/sathishkumar/Documents/Sk_Portfolio/portfolio-website/lib/models/Contact.ts": {"path":"/home/sathishkumar/Documents/Sk_Portfolio/portfolio-website/lib/models/Contact.ts","statementMap":{"0":{"start":{"line":37,"column":0},"end":{"line":37,"column":15}},"1":{"start":{"line":1,"column":21},"end":{"line":1,"column":null}},"2":{"start":{"line":3,"column":22},"end":{"line":34,"column":null}},"3":{"start":{"line":37,"column":15},"end":{"line":37,"column":null}}},"fnMap":{},"branchMap":{"0":{"loc":{"start":{"line":37,"column":15},"end":{"line":37,"column":null}},"type":"binary-expr","locations":[{"start":{"line":37,"column":15},"end":{"line":37,"column":38}},{"start":{"line":37,"column":42},"end":{"line":37,"column":null}}]}},"s":{"0":0,"1":0,"2":0,"3":0},"f":{},"b":{"0":[0,0]}}
}
