TN:
SF:app/layout.tsx
FN:71,RootLayout
FNF:1
FNH:0
FNDA:0,RootLayout
DA:2,0
DA:3,0
DA:4,0
DA:5,0
DA:6,0
DA:8,0
DA:71,0
DA:76,0
LF:8
LH:0
BRF:0
BRH:0
end_of_record
TN:
SF:app/page.tsx
FN:10,(anonymous_5)
FN:10,(anonymous_6)
FN:11,(anonymous_7)
FN:11,(anonymous_8)
FN:12,(anonymous_9)
FN:12,(anonymous_10)
FN:13,(anonymous_11)
FN:13,(anonymous_12)
FN:14,(anonymous_13)
FN:14,(anonymous_14)
FN:15,(anonymous_15)
FN:15,(anonymous_16)
FN:16,(anonymous_17)
FN:16,(anonymous_18)
FN:17,(anonymous_19)
FN:17,(anonymous_20)
FN:18,(anonymous_21)
FN:18,(anonymous_22)
FN:27,Home
FNF:19
FNH:0
FNDA:0,(anonymous_5)
FNDA:0,(anonymous_6)
FNDA:0,(anonymous_7)
FNDA:0,(anonymous_8)
FNDA:0,(anonymous_9)
FNDA:0,(anonymous_10)
FNDA:0,(anonymous_11)
FNDA:0,(anonymous_12)
FNDA:0,(anonymous_13)
FNDA:0,(anonymous_14)
FNDA:0,(anonymous_15)
FNDA:0,(anonymous_16)
FNDA:0,(anonymous_17)
FNDA:0,(anonymous_18)
FNDA:0,(anonymous_19)
FNDA:0,(anonymous_20)
FNDA:0,(anonymous_21)
FNDA:0,(anonymous_22)
FNDA:0,Home
DA:3,0
DA:4,0
DA:5,0
DA:6,0
DA:7,0
DA:10,0
DA:11,0
DA:12,0
DA:13,0
DA:14,0
DA:15,0
DA:16,0
DA:17,0
DA:18,0
DA:27,0
LF:15
LH:0
BRF:0
BRH:0
end_of_record
TN:
SF:app/api/contact/route.ts
FN:7,POST
FN:50,(anonymous_7)
FN:51,(anonymous_8)
FN:81,(anonymous_9)
FN:110,GET
FN:124,(anonymous_11)
FN:125,(anonymous_12)
FNF:7
FNH:0
FNDA:0,POST
FNDA:0,(anonymous_7)
FNDA:0,(anonymous_8)
FNDA:0,(anonymous_9)
FNDA:0,GET
FNDA:0,(anonymous_11)
FNDA:0,(anonymous_12)
DA:1,0
DA:2,0
DA:5,0
DA:7,0
DA:8,0
DA:9,0
DA:12,0
DA:13,0
DA:19,0
DA:20,0
DA:23,0
DA:24,0
DA:30,0
DA:31,0
DA:38,0
DA:39,0
DA:40,0
DA:47,0
DA:48,0
DA:49,0
DA:50,0
DA:51,0
DA:53,0
DA:54,0
DA:60,0
DA:62,0
DA:68,0
DA:76,0
DA:79,0
DA:80,0
DA:81,0
DA:82,0
DA:83,0
DA:84,0
DA:86,0
DA:90,0
DA:93,0
DA:102,0
DA:103,0
DA:110,0
DA:111,0
DA:113,0
DA:114,0
DA:115,0
DA:122,0
DA:123,0
DA:124,0
DA:125,0
DA:127,0
DA:128,0
DA:129,0
DA:131,0
DA:136,0
DA:138,0
DA:139,0
LF:55
LH:0
BRDA:12,0,0,0
BRDA:23,1,0,0
BRDA:23,2,0,0
BRDA:23,2,1,0
BRDA:23,2,2,0
BRDA:30,3,0,0
BRDA:39,4,0,0
BRDA:48,5,0,0
BRDA:69,6,0,0
BRDA:69,6,1,0
BRDA:79,7,0,0
BRDA:79,7,1,0
BRDA:79,8,0,0
BRDA:79,8,1,0
BRDA:114,9,0,0
BRDA:114,10,0,0
BRDA:114,10,1,0
BRDA:122,11,0,0
BRF:18
BRH:0
end_of_record
TN:
SF:app/blog/layout.tsx
FN:16,BlogLayout
FNF:1
FNH:0
FNDA:0,BlogLayout
DA:3,0
DA:16,0
DA:21,0
LF:3
LH:0
BRF:0
BRH:0
end_of_record
TN:
SF:app/blog/page.tsx
FN:8,BlogPage
FNF:1
FNH:0
FNDA:0,BlogPage
DA:3,0
DA:4,0
DA:5,0
DA:6,0
DA:8,0
LF:5
LH:0
BRF:0
BRH:0
end_of_record
TN:
SF:app/blog/[id]/page.tsx
FN:10,BlogPost
FN:37,(anonymous_3)
FN:128,(anonymous_4)
FN:149,(anonymous_5)
FNF:4
FNH:0
FNDA:0,BlogPost
FNDA:0,(anonymous_3)
FNDA:0,(anonymous_4)
FNDA:0,(anonymous_5)
DA:3,0
DA:4,0
DA:5,0
DA:6,0
DA:7,0
DA:8,0
DA:10,0
DA:11,0
DA:12,0
DA:13,0
DA:14,0
DA:16,0
DA:37,0
DA:38,0
DA:39,0
DA:129,0
DA:150,0
LF:17
LH:0
BRDA:16,0,0,0
BRDA:140,1,0,0
BRF:2
BRH:0
end_of_record
TN:
SF:components/BlogCard.tsx
FN:13,(anonymous_2)
FN:14,(anonymous_3)
FN:60,(anonymous_4)
FN:122,(anonymous_5)
FNF:4
FNH:4
FNDA:17,(anonymous_2)
FNDA:17,(anonymous_3)
FNDA:10,(anonymous_4)
FNDA:24,(anonymous_5)
DA:3,1
DA:4,1
DA:5,1
DA:13,1
DA:14,17
DA:15,17
DA:16,17
DA:19,17
DA:61,10
DA:123,24
DA:144,17
LF:11
LH:11
BRDA:13,0,0,12
BRDA:19,1,0,5
BRF:2
BRH:2
end_of_record
TN:
SF:components/DeviceShowcase.tsx
FN:9,(anonymous_2)
FNF:1
FNH:0
FNDA:0,(anonymous_2)
DA:3,0
DA:4,0
DA:5,0
DA:6,0
DA:7,0
DA:9,0
DA:37,0
LF:7
LH:0
BRF:0
BRH:0
end_of_record
TN:
SF:components/Footer.tsx
FN:7,(anonymous_2)
FN:79,(anonymous_3)
FNF:2
FNH:0
FNDA:0,(anonymous_2)
FNDA:0,(anonymous_3)
DA:3,0
DA:4,0
DA:5,0
DA:7,0
DA:9,0
DA:80,0
DA:104,0
LF:7
LH:0
BRF:0
BRH:0
end_of_record
TN:
SF:components/LazySection.tsx
FN:10,LazySection
FN:18,createLazySection
FN:19,(anonymous_5)
FNF:3
FNH:0
FNDA:0,LazySection
FNDA:0,createLazySection
FNDA:0,(anonymous_5)
DA:3,0
DA:10,0
DA:18,0
DA:19,0
LF:4
LH:0
BRDA:12,0,0,0
BRF:1
BRH:0
end_of_record
TN:
SF:components/Navbar.tsx
FN:8,(anonymous_2)
FN:14,(anonymous_3)
FN:20,(anonymous_4)
FN:27,(anonymous_5)
FN:28,(anonymous_6)
FN:33,(anonymous_7)
FN:71,(anonymous_8)
FN:133,(anonymous_9)
FN:149,(anonymous_10)
FN:158,(anonymous_11)
FNF:10
FNH:0
FNDA:0,(anonymous_2)
FNDA:0,(anonymous_3)
FNDA:0,(anonymous_4)
FNDA:0,(anonymous_5)
FNDA:0,(anonymous_6)
FNDA:0,(anonymous_7)
FNDA:0,(anonymous_8)
FNDA:0,(anonymous_9)
FNDA:0,(anonymous_10)
FNDA:0,(anonymous_11)
DA:3,0
DA:4,0
DA:5,0
DA:6,0
DA:8,0
DA:9,0
DA:10,0
DA:11,0
DA:12,0
DA:14,0
DA:15,0
DA:16,0
DA:17,0
DA:20,0
DA:21,0
DA:22,0
DA:23,0
DA:24,0
DA:27,0
DA:28,0
DA:29,0
DA:32,0
DA:33,0
DA:36,0
DA:46,0
DA:72,0
DA:133,0
DA:150,0
DA:158,0
DA:170,0
LF:30
LH:0
BRDA:16,0,0,0
BRDA:16,0,1,0
BRDA:21,1,0,0
BRDA:21,1,1,0
BRDA:46,2,0,0
BRDA:51,3,0,0
BRDA:51,3,1,0
BRDA:52,4,0,0
BRDA:52,4,1,0
BRDA:65,5,0,0
BRDA:65,5,1,0
BRDA:76,6,0,0
BRDA:76,6,1,0
BRDA:88,7,0,0
BRDA:88,7,1,0
BRDA:90,8,0,0
BRDA:90,8,1,0
BRDA:97,9,0,0
BRDA:103,10,0,0
BRDA:103,10,1,0
BRDA:118,11,0,0
BRDA:118,11,1,0
BRDA:120,12,0,0
BRDA:120,12,1,0
BRDA:127,13,0,0
BRDA:131,14,0,0
BRDA:131,14,1,0
BRDA:132,15,0,0
BRDA:132,15,1,0
BRDA:135,16,0,0
BRDA:141,17,0,0
BRDA:144,18,0,0
BRDA:144,18,1,0
BRDA:154,19,0,0
BRDA:154,19,1,0
BRF:35
BRH:0
end_of_record
TN:
SF:components/ParticleBackground.tsx
FN:14,(anonymous_1)
FN:18,(anonymous_2)
FN:26,(anonymous_3)
FN:54,(anonymous_4)
FN:65,(anonymous_5)
FN:114,(anonymous_6)
FN:119,(anonymous_7)
FNF:7
FNH:0
FNDA:0,(anonymous_1)
FNDA:0,(anonymous_2)
FNDA:0,(anonymous_3)
FNDA:0,(anonymous_4)
FNDA:0,(anonymous_5)
FNDA:0,(anonymous_6)
FNDA:0,(anonymous_7)
DA:3,0
DA:14,0
DA:15,0
DA:16,0
DA:18,0
DA:19,0
DA:20,0
DA:22,0
DA:23,0
DA:26,0
DA:27,0
DA:28,0
DA:29,0
DA:30,0
DA:32,0
DA:35,0
DA:36,0
DA:38,0
DA:39,0
DA:49,0
DA:50,0
DA:51,0
DA:54,0
DA:55,0
DA:56,0
DA:58,0
DA:59,0
DA:62,0
DA:63,0
DA:65,0
DA:67,0
DA:68,0
DA:71,0
DA:72,0
DA:74,0
DA:75,0
DA:79,0
DA:80,0
DA:83,0
DA:84,0
DA:85,0
DA:86,0
DA:90,0
DA:91,0
DA:92,0
DA:93,0
DA:94,0
DA:96,0
DA:97,0
DA:98,0
DA:99,0
DA:100,0
DA:101,0
DA:102,0
DA:108,0
DA:111,0
DA:114,0
DA:115,0
DA:118,0
DA:119,0
DA:120,0
DA:121,0
DA:122,0
DA:141,0
LF:64
LH:0
BRDA:20,0,0,0
BRDA:23,1,0,0
BRDA:27,2,0,0
BRDA:27,2,1,0
BRDA:58,3,0,0
BRDA:71,4,0,0
BRDA:71,5,0,0
BRDA:71,5,1,0
BRDA:74,6,0,0
BRDA:74,7,0,0
BRDA:74,7,1,0
BRDA:96,8,0,0
BRDA:121,9,0,0
BRF:13
BRH:0
end_of_record
TN:
SF:components/ProjectCard.tsx
FN:20,(anonymous_2)
FN:54,(anonymous_3)
FN:108,(anonymous_4)
FN:124,(anonymous_5)
FN:149,(anonymous_6)
FN:156,(anonymous_7)
FN:159,(anonymous_8)
FNF:7
FNH:0
FNDA:0,(anonymous_2)
FNDA:0,(anonymous_3)
FNDA:0,(anonymous_4)
FNDA:0,(anonymous_5)
FNDA:0,(anonymous_6)
FNDA:0,(anonymous_7)
FNDA:0,(anonymous_8)
DA:3,0
DA:4,0
DA:5,0
DA:6,0
DA:20,0
DA:31,0
DA:54,0
DA:109,0
DA:125,0
DA:149,0
DA:156,0
DA:159,0
DA:183,0
LF:13
LH:0
BRDA:37,0,0,0
BRDA:37,0,1,0
BRDA:42,1,0,0
BRDA:42,1,1,0
BRDA:42,2,0,0
BRDA:42,2,1,0
BRDA:44,3,0,0
BRDA:51,4,0,0
BRDA:73,5,0,0
BRDA:86,6,0,0
BRDA:143,7,0,0
BRF:11
BRH:0
end_of_record
TN:
SF:components/3d/FloatingBox.tsx
FN:11,(anonymous_1)
FN:14,(anonymous_2)
FNF:2
FNH:0
FNDA:0,(anonymous_1)
FNDA:0,(anonymous_2)
DA:3,0
DA:4,0
DA:11,0
DA:12,0
DA:14,0
DA:15,0
DA:16,0
DA:17,0
DA:18,0
DA:35,0
LF:10
LH:0
BRDA:15,0,0,0
BRF:1
BRH:0
end_of_record
TN:
SF:components/3d/FloatingMobile.tsx
FN:11,(anonymous_1)
FN:14,(anonymous_2)
FNF:2
FNH:0
FNDA:0,(anonymous_1)
FNDA:0,(anonymous_2)
DA:3,0
DA:4,0
DA:11,0
DA:12,0
DA:14,0
DA:15,0
DA:16,0
DA:17,0
DA:54,0
LF:9
LH:0
BRDA:15,0,0,0
BRF:1
BRH:0
end_of_record
TN:
SF:components/3d/FloatingTV.tsx
FN:11,(anonymous_1)
FN:14,(anonymous_2)
FNF:2
FNH:0
FNDA:0,(anonymous_1)
FNDA:0,(anonymous_2)
DA:3,0
DA:4,0
DA:11,0
DA:12,0
DA:14,0
DA:15,0
DA:16,0
DA:17,0
DA:58,0
LF:9
LH:0
BRDA:15,0,0,0
BRF:1
BRH:0
end_of_record
TN:
SF:components/3d/Scene.tsx
FN:9,(anonymous_2)
FNF:1
FNH:0
FNDA:0,(anonymous_2)
DA:3,0
DA:4,0
DA:5,0
DA:6,0
DA:7,0
DA:9,0
DA:37,0
LF:7
LH:0
BRF:0
BRH:0
end_of_record
TN:
SF:components/sections/About.tsx
FN:5,(anonymous_1)
FN:67,(anonymous_2)
FNF:2
FNH:0
FNDA:0,(anonymous_1)
FNDA:0,(anonymous_2)
DA:3,0
DA:5,0
DA:6,0
DA:16,0
DA:25,0
DA:68,0
DA:101,0
LF:7
LH:0
BRF:0
BRH:0
end_of_record
TN:
SF:components/sections/Achievements.tsx
FN:6,(anonymous_1)
FN:68,(anonymous_2)
FNF:2
FNH:0
FNDA:0,(anonymous_1)
FNDA:0,(anonymous_2)
DA:3,0
DA:4,0
DA:6,0
DA:7,0
DA:30,0
DA:40,0
DA:69,0
DA:70,0
DA:96,0
LF:9
LH:0
BRF:0
BRH:0
end_of_record
TN:
SF:components/sections/Blog.tsx
FN:9,(anonymous_2)
FN:16,(anonymous_3)
FN:63,(anonymous_4)
FN:80,(anonymous_5)
FN:91,(anonymous_6)
FN:94,(anonymous_7)
FN:115,(anonymous_8)
FNF:7
FNH:0
FNDA:0,(anonymous_2)
FNDA:0,(anonymous_3)
FNDA:0,(anonymous_4)
FNDA:0,(anonymous_5)
FNDA:0,(anonymous_6)
FNDA:0,(anonymous_7)
FNDA:0,(anonymous_8)
DA:3,0
DA:4,0
DA:5,0
DA:6,0
DA:7,0
DA:9,0
DA:10,0
DA:11,0
DA:12,0
DA:13,0
DA:15,0
DA:16,0
DA:19,0
DA:29,0
DA:64,0
DA:80,0
DA:92,0
DA:94,0
DA:116,0
DA:153,0
LF:20
LH:0
BRDA:15,0,0,0
BRDA:15,0,1,0
BRDA:59,1,0,0
BRDA:82,2,0,0
BRDA:82,2,1,0
BRDA:96,3,0,0
BRDA:96,3,1,0
BRDA:112,4,0,0
BRDA:112,4,1,0
BRDA:122,5,0,0
BRF:10
BRH:0
end_of_record
TN:
SF:components/sections/Certifications.tsx
FN:6,(anonymous_1)
FN:78,(anonymous_2)
FN:108,(anonymous_3)
FNF:3
FNH:0
FNDA:0,(anonymous_1)
FNDA:0,(anonymous_2)
FNDA:0,(anonymous_3)
DA:3,0
DA:4,0
DA:6,0
DA:7,0
DA:40,0
DA:50,0
DA:79,0
DA:109,0
DA:184,0
LF:9
LH:0
BRDA:120,0,0,0
BRF:1
BRH:0
end_of_record
TN:
SF:components/sections/Contact.tsx
FN:7,(anonymous_1)
FN:17,(anonymous_2)
FN:19,(anonymous_3)
FN:25,(anonymous_4)
FN:46,(anonymous_5)
FN:123,(anonymous_6)
FNF:6
FNH:0
FNDA:0,(anonymous_1)
FNDA:0,(anonymous_2)
FNDA:0,(anonymous_3)
FNDA:0,(anonymous_4)
FNDA:0,(anonymous_5)
FNDA:0,(anonymous_6)
DA:3,0
DA:4,0
DA:5,0
DA:7,0
DA:8,0
DA:13,0
DA:14,0
DA:15,0
DA:17,0
DA:18,0
DA:19,0
DA:25,0
DA:26,0
DA:27,0
DA:28,0
DA:30,0
DA:31,0
DA:39,0
DA:41,0
DA:42,0
DA:43,0
DA:44,0
DA:46,0
DA:48,0
DA:49,0
DA:52,0
DA:53,0
DA:54,0
DA:56,0
DA:60,0
DA:70,0
DA:79,0
DA:124,0
DA:125,0
DA:246,0
LF:35
LH:0
BRDA:41,0,0,0
BRDA:41,0,1,0
BRDA:49,1,0,0
BRDA:49,1,1,0
BRDA:138,2,0,0
BRDA:213,3,0,0
BRDA:218,4,0,0
BRDA:218,4,1,0
BRDA:235,5,0,0
BRDA:235,5,1,0
BRF:10
BRH:0
end_of_record
TN:
SF:components/sections/DeviceShowcaseSection.tsx
FN:6,(anonymous_1)
FNF:1
FNH:0
FNDA:0,(anonymous_1)
DA:3,0
DA:4,0
DA:6,0
DA:7,0
DA:17,0
DA:118,0
LF:6
LH:0
BRF:0
BRH:0
end_of_record
TN:
SF:components/sections/Experience.tsx
FN:5,(anonymous_1)
FN:80,(anonymous_2)
FN:105,(anonymous_3)
FNF:3
FNH:0
FNDA:0,(anonymous_1)
FNDA:0,(anonymous_2)
FNDA:0,(anonymous_3)
DA:3,0
DA:5,0
DA:6,0
DA:42,0
DA:52,0
DA:81,0
DA:106,0
DA:122,0
LF:8
LH:0
BRDA:89,0,0,0
BRF:1
BRH:0
end_of_record
TN:
SF:components/sections/Hero.tsx
FN:7,(anonymous_1)
FN:10,(anonymous_2)
FN:12,(anonymous_3)
FN:13,(anonymous_4)
FN:95,(anonymous_5)
FNF:5
FNH:0
FNDA:0,(anonymous_1)
FNDA:0,(anonymous_2)
FNDA:0,(anonymous_3)
FNDA:0,(anonymous_4)
FNDA:0,(anonymous_5)
DA:3,0
DA:4,0
DA:5,0
DA:7,0
DA:8,0
DA:10,0
DA:12,0
DA:13,0
DA:16,0
DA:27,0
DA:36,0
DA:96,0
DA:97,0
DA:176,0
LF:14
LH:0
BRDA:48,0,0,0
BRDA:48,0,1,0
BRF:2
BRH:0
end_of_record
TN:
SF:components/sections/PremiumCTA.tsx
FN:6,(anonymous_1)
FN:69,(anonymous_2)
FNF:2
FNH:0
FNDA:0,(anonymous_1)
FNDA:0,(anonymous_2)
DA:3,0
DA:4,0
DA:6,0
DA:7,0
DA:17,0
DA:26,0
DA:70,0
DA:71,0
DA:101,0
LF:9
LH:0
BRDA:75,0,0,0
BRDA:75,0,1,0
BRDA:76,1,0,0
BRDA:76,1,1,0
BRF:4
BRH:0
end_of_record
TN:
SF:components/sections/Projects.tsx
FN:6,(anonymous_2)
FN:86,(anonymous_3)
FNF:2
FNH:0
FNDA:0,(anonymous_2)
FNDA:0,(anonymous_3)
DA:3,0
DA:4,0
DA:6,0
DA:7,0
DA:48,0
DA:58,0
DA:87,0
DA:98,0
LF:8
LH:0
BRF:0
BRH:0
end_of_record
TN:
SF:components/sections/Skills.tsx
FN:6,(anonymous_1)
FN:68,(anonymous_2)
FN:85,(anonymous_3)
FNF:3
FNH:0
FNDA:0,(anonymous_1)
FNDA:0,(anonymous_2)
FNDA:0,(anonymous_3)
DA:3,0
DA:4,0
DA:6,0
DA:7,0
DA:30,0
DA:40,0
DA:69,0
DA:70,0
DA:86,0
DA:108,0
LF:10
LH:0
BRF:0
BRH:0
end_of_record
TN:
SF:components/sections/SkillsEnhanced.tsx
FN:6,(anonymous_1)
FN:88,(anonymous_2)
FN:104,(anonymous_3)
FNF:3
FNH:0
FNDA:0,(anonymous_1)
FNDA:0,(anonymous_2)
FNDA:0,(anonymous_3)
DA:3,0
DA:4,0
DA:6,0
DA:7,0
DA:50,0
DA:60,0
DA:89,0
DA:90,0
DA:105,0
DA:136,0
LF:10
LH:0
BRF:0
BRH:0
end_of_record
TN:
SF:components/sections/Stats.tsx
FN:6,(anonymous_1)
FN:14,(anonymous_2)
FN:21,(anonymous_3)
FN:38,(anonymous_4)
FN:97,(anonymous_5)
FNF:5
FNH:0
FNDA:0,(anonymous_1)
FNDA:0,(anonymous_2)
FNDA:0,(anonymous_3)
FNDA:0,(anonymous_4)
FNDA:0,(anonymous_5)
DA:3,0
DA:4,0
DA:6,0
DA:7,0
DA:14,0
DA:15,0
DA:16,0
DA:17,0
DA:18,0
DA:20,0
DA:21,0
DA:22,0
DA:23,0
DA:25,0
DA:32,0
DA:33,0
DA:34,0
DA:38,0
DA:41,0
DA:68,0
DA:78,0
DA:98,0
DA:124,0
LF:23
LH:0
BRDA:32,0,0,0
BRF:1
BRH:0
end_of_record
TN:
SF:components/sections/Timeline.tsx
FN:6,(anonymous_1)
FN:83,(anonymous_2)
FN:87,(anonymous_3)
FN:122,(anonymous_4)
FNF:4
FNH:0
FNDA:0,(anonymous_1)
FNDA:0,(anonymous_2)
FNDA:0,(anonymous_3)
FNDA:0,(anonymous_4)
DA:3,0
DA:4,0
DA:6,0
DA:7,0
DA:9,0
DA:45,0
DA:55,0
DA:84,0
DA:87,0
DA:123,0
DA:148,0
LF:11
LH:0
BRDA:91,0,0,0
BRDA:91,0,1,0
BRDA:97,1,0,0
BRDA:97,1,1,0
BRDA:115,2,0,0
BRDA:115,2,1,0
BRDA:116,3,0,0
BRDA:116,3,1,0
BRF:8
BRH:0
end_of_record
TN:
SF:lib/blogs.ts
FN:434,getBlogPosts
FN:435,(anonymous_10)
FN:441,getFeaturedBlogs
FN:442,(anonymous_12)
FN:445,getBlogByCategory
FN:446,(anonymous_14)
FN:449,getBlogById
FN:450,(anonymous_16)
FN:453,getRelatedBlogs
FN:458,(anonymous_18)
FN:458,(anonymous_19)
FN:462,getAllCategories
FN:463,(anonymous_21)
FN:466,getAllTags
FN:468,(anonymous_23)
FN:469,(anonymous_24)
FNF:16
FNH:16
FNDA:9,getBlogPosts
FNDA:45,(anonymous_10)
FNDA:3,getFeaturedBlogs
FNDA:18,(anonymous_12)
FNDA:4,getBlogByCategory
FNDA:24,(anonymous_14)
FNDA:9,getBlogById
FNDA:19,(anonymous_16)
FNDA:5,getRelatedBlogs
FNDA:24,(anonymous_18)
FNDA:48,(anonymous_19)
FNDA:3,getAllCategories
FNDA:18,(anonymous_21)
FNDA:4,getAllTags
FNDA:24,(anonymous_23)
FNDA:96,(anonymous_24)
DA:15,1
DA:434,9
DA:435,45
DA:436,9
DA:437,8
DA:441,3
DA:442,18
DA:445,4
DA:446,24
DA:449,4
DA:450,19
DA:453,5
DA:454,5
DA:455,5
DA:457,4
DA:458,48
DA:462,3
DA:463,18
DA:466,4
DA:467,4
DA:468,4
DA:469,96
DA:471,4
LF:23
LH:23
BRDA:436,0,0,1
BRDA:437,1,0,1
BRDA:437,1,1,7
BRDA:453,2,0,0
BRDA:455,3,0,1
BRDA:458,4,0,24
BRDA:458,4,1,20
BRF:7
BRH:6
end_of_record
TN:
SF:lib/db.ts
FN:15,connectDB
FN:27,(anonymous_3)
FNF:2
FNH:0
FNDA:0,connectDB
FNDA:0,(anonymous_3)
DA:1,0
DA:3,0
DA:5,0
DA:6,0
DA:9,0
DA:11,0
DA:12,0
DA:15,0
DA:16,0
DA:17,0
DA:20,0
DA:21,0
DA:25,0
DA:28,0
DA:32,0
DA:33,0
DA:35,0
DA:36,0
DA:39,0
LF:19
LH:0
BRDA:5,0,0,0
BRDA:11,1,0,0
BRDA:16,2,0,0
BRDA:20,3,0,0
BRF:4
BRH:0
end_of_record
TN:
SF:lib/email.ts
FN:5,getTransporter
FN:26,sendEmail
FN:52,sendContactConfirmation
FN:84,sendAdminNotification
FNF:4
FNH:0
FNDA:0,getTransporter
FNDA:0,sendEmail
FNDA:0,sendContactConfirmation
FNDA:0,sendAdminNotification
DA:1,0
DA:3,0
DA:6,0
DA:8,0
DA:9,0
DA:10,0
DA:13,0
DA:23,0
DA:26,0
DA:31,0
DA:33,0
DA:34,0
DA:35,0
DA:38,0
DA:39,0
DA:45,0
DA:47,0
DA:48,0
DA:52,0
DA:56,0
DA:58,0
DA:59,0
DA:60,0
DA:63,0
DA:77,0
DA:78,0
DA:80,0
DA:84,0
DA:89,0
DA:91,0
DA:92,0
DA:93,0
DA:96,0
DA:108,0
DA:109,0
DA:115,0
LF:36
LH:0
BRDA:6,0,0,0
BRDA:8,1,0,0
BRDA:8,2,0,0
BRDA:8,2,1,0
BRDA:8,2,2,0
BRDA:15,3,0,0
BRDA:15,3,1,0
BRDA:33,4,0,0
BRDA:40,5,0,0
BRDA:40,5,1,0
BRDA:58,6,0,0
BRDA:91,7,0,0
BRDA:110,8,0,0
BRDA:110,8,1,0
BRF:14
BRH:0
end_of_record
TN:
SF:lib/rateLimit.ts
FN:3,rateLimit
FN:12,(anonymous_4)
FN:24,getClientIP
FNF:3
FNH:0
FNDA:0,rateLimit
FNDA:0,(anonymous_4)
FNDA:0,getClientIP
DA:1,0
DA:3,0
DA:4,0
DA:5,0
DA:7,0
DA:8,0
DA:11,0
DA:12,0
DA:14,0
DA:15,0
DA:18,0
DA:19,0
DA:21,0
DA:24,0
DA:25,0
DA:26,0
LF:16
LH:0
BRDA:3,0,0,0
BRDA:3,1,0,0
BRDA:7,2,0,0
BRDA:14,3,0,0
BRDA:26,4,0,0
BRDA:26,4,1,0
BRF:6
BRH:0
end_of_record
TN:
SF:lib/models/Contact.ts
FNF:0
FNH:0
DA:1,0
DA:3,0
DA:37,0
LF:3
LH:0
BRDA:37,0,0,0
BRDA:37,0,1,0
BRF:2
BRH:0
end_of_record
